#
# A fatal error has been detected by the Java Runtime Environment:
#
#  EXCEPTION_ACCESS_VIOLATION (0xc0000005) at pc=0x00007fff987fe0a9, pid=12896, tid=16644
#
# JRE version: OpenJDK Runtime Environment Microsoft-8035246 (17.0.8+7) (build 17.0.8+7-LTS)
# Java VM: OpenJDK 64-Bit Server VM Microsoft-8035246 (17.0.8+7-LTS, mixed mode, sharing, tiered, compressed oops, compressed class ptrs, g1 gc, windows-amd64)
# Problematic frame:
# V  [jvm.dll+0x2be0a9]
#
# No core dump will be written. Minidumps are not enabled by default on client versions of Windows
#
# If you would like to submit a bug report, please visit:
#   https://github.com/microsoft/openjdk/issues
#

---------------  S U M M A R Y ------------

Command Line: -XX:MaxMetaspaceSize=512m --add-opens=java.base/java.util=ALL-UNNAMED --add-opens=java.base/java.lang=ALL-UNNAMED --add-opens=java.base/java.lang.invoke=ALL-UNNAMED --add-opens=java.prefs/java.util.prefs=ALL-UNNAMED --add-opens=java.base/java.nio.charset=ALL-UNNAMED --add-opens=java.base/java.net=ALL-UNNAMED --add-opens=java.base/java.util.concurrent.atomic=ALL-UNNAMED -Xmx2048m -Dfile.encoding=windows-1252 -Duser.country=ES -Duser.language=es -Duser.variant -javaagent:C:\Users\thoma\.gradle\wrapper\dists\gradle-8.3-all\6en3ugtfdg5xnpx44z4qbwgas\gradle-8.3\lib\agents\gradle-instrumentation-agent-8.3.jar org.gradle.launcher.daemon.bootstrap.GradleDaemon 8.3

Host: 11th Gen Intel(R) Core(TM) i3-1115G4 @ 3.00GHz, 4 cores, 7G,  Windows 11 , 64 bit Build 22621 (10.0.22621.3085)
Time: Tue Feb 27 20:09:11 2024 Hora estándar de Argentina elapsed time: 36.522604 seconds (0d 0h 0m 36s)

---------------  T H R E A D  ---------------

Current thread (0x00000152ed257560):  JavaThread "C2 CompilerThread1" daemon [_thread_in_native, id=16644, stack(0x0000001c87f00000,0x0000001c88000000)]


Current CompileTask:
C2:  36522 15530   !   4       org.gradle.cache.internal.DefaultMultiProcessSafeIndexedCache::getIfPresent (25 bytes)

Stack: [0x0000001c87f00000,0x0000001c88000000],  sp=0x0000001c87ffb9b0,  free space=1006k
Native frames: (J=compiled Java code, j=interpreted, Vv=VM code, C=native code)
V  [jvm.dll+0x2be0a9]
V  [jvm.dll+0x21ba8b]
V  [jvm.dll+0x21944b]
V  [jvm.dll+0x1a56b6]
V  [jvm.dll+0x2291ea]
V  [jvm.dll+0x22724c]
V  [jvm.dll+0x7efd0c]
V  [jvm.dll+0x7ea13a]
V  [jvm.dll+0x67ad85]
C  [ucrtbase.dll+0x29363]
C  [KERNEL32.DLL+0x1257d]
C  [ntdll.dll+0x5aa58]


siginfo: EXCEPTION_ACCESS_VIOLATION (0xc0000005), reading address 0x0000000000000028


Register to memory mapping:

RIP=0x00007fff987fe0a9 jvm.dll
RAX=0x00000152f6ce6ce0 points into unknown readable memory: 0x0000000000000000 | 00 00 00 00 00 00 00 00
RBX=0x00000000000019a1 is an unknown value
RCX=0x0 is NULL
RDX=0x0 is NULL
RSP=0x0000001c87ffb9b0 is pointing into the stack for thread: 0x00000152ed257560
RBP=0x0000001c87ffba20 is pointing into the stack for thread: 0x00000152ed257560
RSI=0x0 is NULL
RDI=0x0000000000000053 is an unknown value
R8 =0x000000000000ffe0 is an unknown value
R9 =0x0 is NULL
R10=0x00007ff814270000 VCRUNTIME140.dll
R11=0x00000152f6ce6d00 points into unknown readable memory: 0x0000000000000000 | 00 00 00 00 00 00 00 00
R12=0x0000000000000050 is an unknown value
R13=0x0 is NULL
R14=0x0 is NULL
R15=0x0000001c87ffebd0 is pointing into the stack for thread: 0x00000152ed257560


Registers:
RAX=0x00000152f6ce6ce0, RBX=0x00000000000019a1, RCX=0x0000000000000000, RDX=0x0000000000000000
RSP=0x0000001c87ffb9b0, RBP=0x0000001c87ffba20, RSI=0x0000000000000000, RDI=0x0000000000000053
R8 =0x000000000000ffe0, R9 =0x0000000000000000, R10=0x00007ff814270000, R11=0x00000152f6ce6d00
R12=0x0000000000000050, R13=0x0000000000000000, R14=0x0000000000000000, R15=0x0000001c87ffebd0
RIP=0x00007fff987fe0a9, EFLAGS=0x0000000000010202

Top of Stack: (sp=0x0000001c87ffb9b0)
0x0000001c87ffb9b0:   00000000000019a1 0000000000000000
0x0000001c87ffb9c0:   0000001c87ffebd0 00007fff987638d1
0x0000001c87ffb9d0:   00000152efee4620 00007fff00002000
0x0000001c87ffb9e0:   00000152f6ce6ce0 0000015200000000
0x0000001c87ffb9f0:   0000000000000002 00000152ef5a5b80
0x0000001c87ffba00:   0000000000000002 00000152efee4620
0x0000001c87ffba10:   0000000000000000 0000000000000000
0x0000001c87ffba20:   00000152ef834020 00000152ad963680
0x0000001c87ffba30:   0000000000000053 00007fff98e84c08
0x0000001c87ffba40:   0000001c87ffbb50 00007fff9875ba8b
0x0000001c87ffba50:   0000001c87ffebd0 00007fff98e84c08
0x0000001c87ffba60:   0000001c87ffebd0 0000001c87ffbb50
0x0000001c87ffba70:   0000015200000000 00007fff98b5b7fb
0x0000001c87ffba80:   0000001c0000000f 0000001c87ffebd0
0x0000001c87ffba90:   0000001c87ffbc00 0000000000000000
0x0000001c87ffbaa0:   0000015200000100 00007fff98e84c08 

Instructions: (pc=0x00007fff987fe0a9)
0x00007fff987fdfa9:   3b d0 75 0b ff c1 41 3b c9 7c dc 48 8b c2 c3 33
0x00007fff987fdfb9:   c0 c3 cc cc cc cc cc 48 89 5c 24 18 55 56 57 41
0x00007fff987fdfc9:   55 41 57 48 8b ec 48 83 ec 70 65 48 8b 04 25 58
0x00007fff987fdfd9:   00 00 00 48 8b f2 44 8b 05 d2 8b 90 00 4c 8b f9
0x00007fff987fdfe9:   4a 8b 1c c0 b8 50 00 00 00 80 3c 18 00 75 05 e8
0x00007fff987fdff9:   8b 6f 5d 00 b8 20 00 00 00 48 8b 04 18 48 8b 98
0x00007fff987fe009:   38 02 00 00 48 89 5d b0 c7 45 b8 04 00 00 00 48
0x00007fff987fe019:   8b 43 18 48 83 f8 df 76 18 4c 8d 05 37 a9 65 00
0x00007fff987fe029:   ba 20 00 00 00 48 8b cb e8 5a eb de ff 48 8b 43
0x00007fff987fe039:   18 48 8d 48 20 48 3b 4b 20 76 11 45 33 c0 48 8b
0x00007fff987fe049:   cb 41 8d 50 20 e8 fd e8 de ff eb 04 48 89 4b 18
0x00007fff987fe059:   44 8b 45 b8 33 d2 49 c1 e0 03 48 8b c8 48 89 45
0x00007fff987fe069:   c0 e8 e3 80 5d 00 45 33 ed 48 8d 4d d0 44 89 6d
0x00007fff987fe079:   c8 e8 01 59 56 00 41 8b 9f 40 02 00 00 41 2b 9f
0x00007fff987fe089:   68 02 00 00 44 89 6d f0 3b 5d b8 72 0b 8b d3 48
0x00007fff987fe099:   8d 4d b0 e8 6f b3 39 00 48 8b 45 c0 4c 89 2c d8
0x00007fff987fe0a9:   8b 7e 28 8b df c1 eb 05 3b 5d d0 72 0b 8b d3 48
0x00007fff987fe0b9:   8d 4d d0 e8 1f 59 56 00 48 8b 45 d8 83 e7 1f 48
0x00007fff987fe0c9:   8d 14 98 40 0f b6 cf 41 b8 01 00 00 00 41 d3 e0
0x00007fff987fe0d9:   8b 0a 8b c1 41 0b c0 89 02 41 85 c8 75 21 8b 5d
0x00007fff987fe0e9:   c8 8d 43 01 89 45 c8 3b 5d b8 72 0b 8b d3 48 8d
0x00007fff987fe0f9:   4d b0 e8 10 b3 39 00 48 8b 45 c0 48 89 34 d8 44
0x00007fff987fe109:   39 6d c8 0f 86 77 01 00 00 4c 89 a4 24 a0 00 00
0x00007fff987fe119:   00 4c 89 b4 24 a8 00 00 00 48 8b 45 c0 41 8b cd
0x00007fff987fe129:   48 8b 34 c8 8b 46 2c 25 ff 1f 00 00 3d 04 10 00
0x00007fff987fe139:   00 0f 85 a7 00 00 00 bb 01 00 00 00 39 5e 18 76
0x00007fff987fe149:   39 66 0f 1f 44 00 00 48 8b 46 08 8b cb 48 8b 14
0x00007fff987fe159:   c8 48 85 d2 74 1d 48 83 7a 10 00 74 16 80 7a 2c
0x00007fff987fe169:   84 74 10 e8 7f 7e ee ff 48 8b d0 49 8b cf e8 a4
0x00007fff987fe179:   61 f6 ff ff c3 3b 5e 18 72 cd 48 8b 5e 10 8b 46
0x00007fff987fe189:   20 4c 8d 34 c3 49 3b de 73 54 48 8b 3b 8b 47 2c
0x00007fff987fe199:   83 e0 03 3c 03 75 2e 48 8b 07 48 8b cf ff 90 88 


Stack slot to memory mapping:
stack at sp + 0 slots: 0x00000000000019a1 is an unknown value
stack at sp + 1 slots: 0x0 is NULL
stack at sp + 2 slots: 0x0000001c87ffebd0 is pointing into the stack for thread: 0x00000152ed257560
stack at sp + 3 slots: 0x00007fff987638d1 jvm.dll
stack at sp + 4 slots: 0x00000152efee4620 points into unknown readable memory: 0x0000015200000006 | 06 00 00 00 52 01 00 00
stack at sp + 5 slots: 0x00007fff00002000 is an unknown value
stack at sp + 6 slots: 0x00000152f6ce6ce0 points into unknown readable memory: 0x0000000000000000 | 00 00 00 00 00 00 00 00
stack at sp + 7 slots: 0x0000015200000000 is an unknown value


---------------  P R O C E S S  ---------------

Threads class SMR info:
_java_thread_list=0x00000152f08c28b0, length=92, elements={
0x00000152ad94c370, 0x00000152cb4edc00, 0x00000152cb4ee7c0, 0x00000152cb50b1b0,
0x00000152cb50ba80, 0x00000152cb50e450, 0x00000152cb50fe20, 0x00000152cb510bc0,
0x00000152cb51cb80, 0x00000152cb52ed50, 0x00000152cb719090, 0x00000152cb7fb760,
0x00000152ec842120, 0x00000152ec2450a0, 0x00000152eba00480, 0x00000152ebff7080,
0x00000152ed59c050, 0x00000152ec312a80, 0x00000152ec312570, 0x00000152ec315300,
0x00000152ec3134a0, 0x00000152ec315810, 0x00000152ec3139b0, 0x00000152ec313ec0,
0x00000152ec3143d0, 0x00000152ec3148e0, 0x00000152ec314df0, 0x00000152ec312060,
0x00000152ec284c00, 0x00000152ec281e70, 0x00000152ec285110, 0x00000152ec285b30,
0x00000152ec285620, 0x00000152ec286040, 0x00000152ec2841e0, 0x00000152ec2888c0,
0x00000152ec281450, 0x00000152ec286a60, 0x00000152ec286f70, 0x00000152ec2837c0,
0x00000152ec287ea0, 0x00000152ec2883b0, 0x00000152ec288dd0, 0x00000152ec2832b0,
0x00000152ec281960, 0x00000152ec283cd0, 0x00000152edb4b450, 0x00000152edb51480,
0x00000152edb528c0, 0x00000152edb4ec00, 0x00000152edb4b960, 0x00000152edb4cda0,
0x00000152edb51990, 0x00000152edb4be70, 0x00000152edb50a60, 0x00000152edb4d2b0,
0x00000152edb4f110, 0x00000152edb50f70, 0x00000152edb51ea0, 0x00000152edb4c380,
0x00000152edb4f620, 0x00000152edb50550, 0x00000152edb4d7c0, 0x00000152ed257560,
0x00000152f03e0e30, 0x00000152f03defd0, 0x00000152f03df4e0, 0x00000152f03de5b0,
0x00000152f03df9f0, 0x00000152f03deac0, 0x00000152f03dff00, 0x00000152f120bd50,
0x00000152f1210430, 0x00000152f120ff20, 0x00000152f1210940, 0x00000152f120b840,
0x00000152f120b330, 0x00000152f120c260, 0x00000152f120a910, 0x00000152f1211360,
0x00000152f1210e50, 0x00000152f1209ef0, 0x00000152f120e5d0, 0x00000152f1211870,
0x00000152f120a400, 0x00000152f120c770, 0x00000152f120ae20, 0x00000152edb523b0,
0x00000152f623f2d0, 0x00000152f623edc0, 0x00000152f623f7e0, 0x00000152f623cf60
}

Java Threads: ( => current thread )
  0x00000152ad94c370 JavaThread "main" [_thread_blocked, id=10412, stack(0x0000001c85300000,0x0000001c85400000)]
  0x00000152cb4edc00 JavaThread "Reference Handler" daemon [_thread_blocked, id=20552, stack(0x0000001c85a00000,0x0000001c85b00000)]
  0x00000152cb4ee7c0 JavaThread "Finalizer" daemon [_thread_blocked, id=12892, stack(0x0000001c85b00000,0x0000001c85c00000)]
  0x00000152cb50b1b0 JavaThread "Signal Dispatcher" daemon [_thread_blocked, id=20592, stack(0x0000001c85c00000,0x0000001c85d00000)]
  0x00000152cb50ba80 JavaThread "Attach Listener" daemon [_thread_blocked, id=6332, stack(0x0000001c85d00000,0x0000001c85e00000)]
  0x00000152cb50e450 JavaThread "Service Thread" daemon [_thread_blocked, id=4568, stack(0x0000001c85e00000,0x0000001c85f00000)]
  0x00000152cb50fe20 JavaThread "Monitor Deflation Thread" daemon [_thread_blocked, id=6080, stack(0x0000001c85f00000,0x0000001c86000000)]
  0x00000152cb510bc0 JavaThread "C2 CompilerThread0" daemon [_thread_in_native, id=18924, stack(0x0000001c86000000,0x0000001c86100000)]
  0x00000152cb51cb80 JavaThread "C1 CompilerThread0" daemon [_thread_blocked, id=9328, stack(0x0000001c86100000,0x0000001c86200000)]
  0x00000152cb52ed50 JavaThread "Sweeper thread" daemon [_thread_blocked, id=16272, stack(0x0000001c86200000,0x0000001c86300000)]
  0x00000152cb719090 JavaThread "Common-Cleaner" daemon [_thread_blocked, id=20784, stack(0x0000001c86300000,0x0000001c86400000)]
  0x00000152cb7fb760 JavaThread "Notification Thread" daemon [_thread_blocked, id=20176, stack(0x0000001c86400000,0x0000001c86500000)]
  0x00000152ec842120 JavaThread "Daemon health stats" [_thread_blocked, id=5440, stack(0x0000001c86a00000,0x0000001c86b00000)]
  0x00000152ec2450a0 JavaThread "Incoming local TCP Connector on port 50848" [_thread_in_native, id=14232, stack(0x0000001c86b00000,0x0000001c86c00000)]
  0x00000152eba00480 JavaThread "Daemon periodic checks" [_thread_blocked, id=14936, stack(0x0000001c86c00000,0x0000001c86d00000)]
  0x00000152ebff7080 JavaThread "Daemon" [_thread_blocked, id=6932, stack(0x0000001c86600000,0x0000001c86700000)]
  0x00000152ed59c050 JavaThread "Handler for socket connection from /127.0.0.1:50848 to /127.0.0.1:50850" [_thread_in_native, id=5416, stack(0x0000001c86d00000,0x0000001c86e00000)]
  0x00000152ec312a80 JavaThread "Cancel handler" [_thread_blocked, id=9532, stack(0x0000001c86e00000,0x0000001c86f00000)]
  0x00000152ec312570 JavaThread "Daemon worker" [_thread_blocked, id=5328, stack(0x0000001c86f00000,0x0000001c87000000)]
  0x00000152ec315300 JavaThread "Asynchronous log dispatcher for DefaultDaemonConnection: socket connection from /127.0.0.1:50848 to /127.0.0.1:50850" [_thread_blocked, id=11024, stack(0x0000001c87000000,0x0000001c87100000)]
  0x00000152ec3134a0 JavaThread "Stdin handler" [_thread_blocked, id=16744, stack(0x0000001c87100000,0x0000001c87200000)]
  0x00000152ec315810 JavaThread "Daemon client event forwarder" [_thread_blocked, id=15468, stack(0x0000001c87200000,0x0000001c87300000)]
  0x00000152ec3139b0 JavaThread "Cache worker for journal cache (C:\Users\thoma\.gradle\caches\journal-1)" [_thread_blocked, id=3104, stack(0x0000001c87400000,0x0000001c87500000)]
  0x00000152ec313ec0 JavaThread "File lock request listener" [_thread_in_native, id=5116, stack(0x0000001c87500000,0x0000001c87600000)]
  0x00000152ec3143d0 JavaThread "Cache worker for file hash cache (C:\Users\thoma\.gradle\caches\8.3\fileHashes)" [_thread_blocked, id=16044, stack(0x0000001c87600000,0x0000001c87700000)]
  0x00000152ec3148e0 JavaThread "File watcher server" daemon [_thread_in_native, id=16984, stack(0x0000001c87700000,0x0000001c87800000)]
  0x00000152ec314df0 JavaThread "File watcher consumer" daemon [_thread_blocked, id=16748, stack(0x0000001c87800000,0x0000001c87900000)]
  0x00000152ec312060 JavaThread "Cache worker for checksums cache (C:\react_native\05 - navegacionApp\android\.gradle\8.3\checksums)" [_thread_blocked, id=13700, stack(0x0000001c87300000,0x0000001c87400000)]
  0x00000152ec284c00 JavaThread "Cache worker for file hash cache (C:\react_native\05 - navegacionApp\android\.gradle\8.3\fileHashes)" [_thread_blocked, id=13668, stack(0x0000001c87900000,0x0000001c87a00000)]
  0x00000152ec281e70 JavaThread "Cache worker for cache directory md-supplier (C:\Users\thoma\.gradle\caches\8.3\md-supplier)" [_thread_blocked, id=18992, stack(0x0000001c87a00000,0x0000001c87b00000)]
  0x00000152ec285110 JavaThread "Cache worker for file content cache (C:\Users\thoma\.gradle\caches\8.3\fileContent)" [_thread_blocked, id=6024, stack(0x0000001c87b00000,0x0000001c87c00000)]
  0x00000152ec285b30 JavaThread "Cache worker for cache directory md-rule (C:\Users\thoma\.gradle\caches\8.3\md-rule)" [_thread_blocked, id=19084, stack(0x0000001c87d00000,0x0000001c87e00000)]
  0x00000152ec285620 JavaThread "Cache worker for execution history cache (C:\Users\thoma\.gradle\caches\8.3\executionHistory)" [_thread_blocked, id=8860, stack(0x0000001c87e00000,0x0000001c87f00000)]
  0x00000152ec286040 JavaThread "jar transforms" [_thread_blocked, id=18568, stack(0x0000001c88000000,0x0000001c88100000)]
  0x00000152ec2841e0 JavaThread "jar transforms Thread 2" [_thread_blocked, id=10168, stack(0x0000001c88100000,0x0000001c88200000)]
  0x00000152ec2888c0 JavaThread "jar transforms Thread 3" [_thread_blocked, id=2100, stack(0x0000001c88200000,0x0000001c88300000)]
  0x00000152ec281450 JavaThread "jar transforms Thread 4" [_thread_blocked, id=13360, stack(0x0000001c88300000,0x0000001c88400000)]
  0x00000152ec286a60 JavaThread "Cache worker for kotlin-dsl (C:\Users\thoma\.gradle\caches\8.3\kotlin-dsl)" [_thread_blocked, id=9464, stack(0x0000001c88400000,0x0000001c88500000)]
  0x00000152ec286f70 JavaThread "Unconstrained build operations" [_thread_blocked, id=19932, stack(0x0000001c88500000,0x0000001c88600000)]
  0x00000152ec2837c0 JavaThread "Unconstrained build operations Thread 2" [_thread_blocked, id=14596, stack(0x0000001c88600000,0x0000001c88700000)]
  0x00000152ec287ea0 JavaThread "Cache worker for dependencies-accessors (C:\react_native\05 - navegacionApp\android\.gradle\8.3\dependencies-accessors)" [_thread_blocked, id=5104, stack(0x0000001c88700000,0x0000001c88800000)]
  0x00000152ec2883b0 JavaThread "Cache worker for Build Output Cleanup Cache (C:\react_native\05 - navegacionApp\node_modules\@react-native\gradle-plugin\.gradle\buildOutputCleanup)" [_thread_blocked, id=14856, stack(0x0000001c88800000,0x0000001c88900000)]
  0x00000152ec288dd0 JavaThread "Unconstrained build operations Thread 3" [_thread_blocked, id=19644, stack(0x0000001c88900000,0x0000001c88a00000)]
  0x00000152ec2832b0 JavaThread "Unconstrained build operations Thread 4" [_thread_in_native, id=17072, stack(0x0000001c88a00000,0x0000001c88b00000)]
  0x00000152ec281960 JavaThread "Unconstrained build operations Thread 5" [_thread_blocked, id=1760, stack(0x0000001c88b00000,0x0000001c88c00000)]
  0x00000152ec283cd0 JavaThread "Memory manager" [_thread_blocked, id=17796, stack(0x0000001c88c00000,0x0000001c88d00000)]
  0x00000152edb4b450 JavaThread "Cache worker for Build Output Cleanup Cache (C:\react_native\05 - navegacionApp\android\.gradle\buildOutputCleanup)" [_thread_blocked, id=12060, stack(0x0000001c88d00000,0x0000001c88e00000)]
  0x00000152edb51480 JavaThread "ForkJoinPool.commonPool-worker-1" daemon [_thread_blocked, id=17952, stack(0x0000001c88e00000,0x0000001c88f00000)]
  0x00000152edb528c0 JavaThread "ForkJoinPool.commonPool-worker-2" daemon [_thread_blocked, id=20608, stack(0x0000001c88f00000,0x0000001c89000000)]
  0x00000152edb4ec00 JavaThread "ForkJoinPool.commonPool-worker-3" daemon [_thread_blocked, id=3000, stack(0x0000001c89000000,0x0000001c89100000)]
  0x00000152edb4b960 JavaThread "included builds" [_thread_blocked, id=5660, stack(0x0000001c89100000,0x0000001c89200000)]
  0x00000152edb4cda0 JavaThread "Execution worker" [_thread_blocked, id=5996, stack(0x0000001c89200000,0x0000001c89300000)]
  0x00000152edb51990 JavaThread "Execution worker Thread 2" [_thread_blocked, id=16496, stack(0x0000001c89300000,0x0000001c89400000)]
  0x00000152edb4be70 JavaThread "Execution worker Thread 3" [_thread_in_native, id=16296, stack(0x0000001c89400000,0x0000001c89500000)]
  0x00000152edb50a60 JavaThread "Cache worker for execution history cache (C:\react_native\05 - navegacionApp\node_modules\@react-native\gradle-plugin\.gradle\8.3\executionHistory)" [_thread_blocked, id=7536, stack(0x0000001c89500000,0x0000001c89600000)]
  0x00000152edb4d2b0 JavaThread "Unconstrained build operations Thread 6" [_thread_blocked, id=19824, stack(0x0000001c89600000,0x0000001c89700000)]
  0x00000152edb4f110 JavaThread "Unconstrained build operations Thread 7" [_thread_blocked, id=18708, stack(0x0000001c89700000,0x0000001c89800000)]
  0x00000152edb50f70 JavaThread "Unconstrained build operations Thread 8" [_thread_blocked, id=6828, stack(0x0000001c89800000,0x0000001c89900000)]
  0x00000152edb51ea0 JavaThread "Unconstrained build operations Thread 9" [_thread_blocked, id=17712, stack(0x0000001c89900000,0x0000001c89a00000)]
  0x00000152edb4c380 JavaThread "Unconstrained build operations Thread 10" [_thread_blocked, id=19624, stack(0x0000001c89a00000,0x0000001c89b00000)]
  0x00000152edb4f620 JavaThread "Unconstrained build operations Thread 11" [_thread_blocked, id=21496, stack(0x0000001c89b00000,0x0000001c89c00000)]
  0x00000152edb50550 JavaThread "Unconstrained build operations Thread 12" [_thread_blocked, id=17144, stack(0x0000001c89c00000,0x0000001c89d00000)]
  0x00000152edb4d7c0 JavaThread "Unconstrained build operations Thread 13" [_thread_blocked, id=16800, stack(0x0000001c89d00000,0x0000001c89e00000)]
=>0x00000152ed257560 JavaThread "C2 CompilerThread1" daemon [_thread_in_native, id=16644, stack(0x0000001c87f00000,0x0000001c88000000)]
  0x00000152f03e0e30 JavaThread "Unconstrained build operations Thread 14" [_thread_blocked, id=8544, stack(0x0000001c89e00000,0x0000001c89f00000)]
  0x00000152f03defd0 JavaThread "Unconstrained build operations Thread 15" [_thread_blocked, id=9140, stack(0x0000001c89f00000,0x0000001c8a000000)]
  0x00000152f03df4e0 JavaThread "Unconstrained build operations Thread 16" [_thread_blocked, id=17488, stack(0x0000001c8a000000,0x0000001c8a100000)]
  0x00000152f03de5b0 JavaThread "Unconstrained build operations Thread 17" [_thread_blocked, id=2056, stack(0x0000001c8a100000,0x0000001c8a200000)]
  0x00000152f03df9f0 JavaThread "Unconstrained build operations Thread 18" [_thread_blocked, id=21280, stack(0x0000001c8a200000,0x0000001c8a300000)]
  0x00000152f03deac0 JavaThread "Unconstrained build operations Thread 19" [_thread_blocked, id=18996, stack(0x0000001c8a300000,0x0000001c8a400000)]
  0x00000152f03dff00 JavaThread "Unconstrained build operations Thread 20" [_thread_blocked, id=19924, stack(0x0000001c8a400000,0x0000001c8a500000)]
  0x00000152f120bd50 JavaThread "Unconstrained build operations Thread 21" [_thread_blocked, id=16208, stack(0x0000001c8a500000,0x0000001c8a600000)]
  0x00000152f1210430 JavaThread "Unconstrained build operations Thread 22" [_thread_blocked, id=11444, stack(0x0000001c8a600000,0x0000001c8a700000)]
  0x00000152f120ff20 JavaThread "Unconstrained build operations Thread 23" [_thread_blocked, id=13300, stack(0x0000001c8a900000,0x0000001c8aa00000)]
  0x00000152f1210940 JavaThread "Unconstrained build operations Thread 24" [_thread_blocked, id=5252, stack(0x0000001c8aa00000,0x0000001c8ab00000)]
  0x00000152f120b840 JavaThread "Unconstrained build operations Thread 25" [_thread_blocked, id=11504, stack(0x0000001c8ab00000,0x0000001c8ac00000)]
  0x00000152f120b330 JavaThread "Unconstrained build operations Thread 26" [_thread_blocked, id=8432, stack(0x0000001c8ac00000,0x0000001c8ad00000)]
  0x00000152f120c260 JavaThread "Unconstrained build operations Thread 27" [_thread_blocked, id=10844, stack(0x0000001c8ad00000,0x0000001c8ae00000)]
  0x00000152f120a910 JavaThread "Unconstrained build operations Thread 28" [_thread_blocked, id=13352, stack(0x0000001c8ae00000,0x0000001c8af00000)]
  0x00000152f1211360 JavaThread "Unconstrained build operations Thread 29" [_thread_blocked, id=7560, stack(0x0000001c8af00000,0x0000001c8b000000)]
  0x00000152f1210e50 JavaThread "Unconstrained build operations Thread 30" [_thread_blocked, id=2416, stack(0x0000001c8b000000,0x0000001c8b100000)]
  0x00000152f1209ef0 JavaThread "Unconstrained build operations Thread 31" [_thread_blocked, id=6016, stack(0x0000001c8b100000,0x0000001c8b200000)]
  0x00000152f120e5d0 JavaThread "Unconstrained build operations Thread 32" [_thread_blocked, id=16752, stack(0x0000001c8b200000,0x0000001c8b300000)]
  0x00000152f1211870 JavaThread "Unconstrained build operations Thread 33" [_thread_blocked, id=2556, stack(0x0000001c8b300000,0x0000001c8b400000)]
  0x00000152f120a400 JavaThread "Unconstrained build operations Thread 34" [_thread_blocked, id=21308, stack(0x0000001c8b400000,0x0000001c8b500000)]
  0x00000152f120c770 JavaThread "Unconstrained build operations Thread 35" [_thread_blocked, id=20148, stack(0x0000001c8b500000,0x0000001c8b600000)]
  0x00000152f120ae20 JavaThread "Unconstrained build operations Thread 36" [_thread_blocked, id=13280, stack(0x0000001c8b600000,0x0000001c8b700000)]
  0x00000152edb523b0 JavaThread "Unconstrained build operations Thread 37" [_thread_blocked, id=17088, stack(0x0000001c8b700000,0x0000001c8b800000)]
  0x00000152f623f2d0 JavaThread "Unconstrained build operations Thread 38" [_thread_blocked, id=8956, stack(0x0000001c8b800000,0x0000001c8b900000)]
  0x00000152f623edc0 JavaThread "Unconstrained build operations Thread 39" [_thread_blocked, id=21468, stack(0x0000001c8b900000,0x0000001c8ba00000)]
  0x00000152f623f7e0 JavaThread "Unconstrained build operations Thread 40" [_thread_blocked, id=18016, stack(0x0000001c8ba00000,0x0000001c8bb00000)]
  0x00000152f623cf60 JavaThread "Cache worker for execution history cache (C:\react_native\05 - navegacionApp\android\.gradle\8.3\executionHistory)" [_thread_blocked, id=2344, stack(0x0000001c8bb00000,0x0000001c8bc00000)]

Other Threads:
  0x00000152cb4eb5b0 VMThread "VM Thread" [stack: 0x0000001c85900000,0x0000001c85a00000] [id=8872]
  0x00000152ad94d1f0 WatcherThread [stack: 0x0000001c86500000,0x0000001c86600000] [id=19900]
  0x00000152ad9a79c0 GCTaskThread "GC Thread#0" [stack: 0x0000001c85400000,0x0000001c85500000] [id=8844]
  0x00000152cb962770 GCTaskThread "GC Thread#1" [stack: 0x0000001c86700000,0x0000001c86800000] [id=19628]
  0x00000152cb92d690 GCTaskThread "GC Thread#2" [stack: 0x0000001c86800000,0x0000001c86900000] [id=17516]
  0x00000152cb9375e0 GCTaskThread "GC Thread#3" [stack: 0x0000001c86900000,0x0000001c86a00000] [id=3028]
  0x00000152ad9ba930 ConcurrentGCThread "G1 Main Marker" [stack: 0x0000001c85500000,0x0000001c85600000] [id=15512]
  0x00000152ad9bb340 ConcurrentGCThread "G1 Conc#0" [stack: 0x0000001c85600000,0x0000001c85700000] [id=7492]
  0x00000152ad9ee9a0 ConcurrentGCThread "G1 Refine#0" [stack: 0x0000001c85700000,0x0000001c85800000] [id=1868]
  0x00000152ed168640 ConcurrentGCThread "G1 Refine#1" [stack: 0x0000001c87c00000,0x0000001c87d00000] [id=15420]
  0x00000152cb3a8a50 ConcurrentGCThread "G1 Service" [stack: 0x0000001c85800000,0x0000001c85900000] [id=15416]

Threads with active compile tasks:
C2 CompilerThread0    36576 15528   !   4       com.google.common.cache.LocalCache$LoadingValueReference::loadFuture (125 bytes)
C2 CompilerThread1    36576 15530   !   4       org.gradle.cache.internal.DefaultMultiProcessSafeIndexedCache::getIfPresent (25 bytes)

VM state: not at safepoint (normal execution)

VM Mutex/Monitor currently owned by a thread: None

Heap address: 0x0000000080000000, size: 2048 MB, Compressed Oops mode: 32-bit

CDS archive(s) mapped at: [0x00000152cc000000-0x00000152ccbd0000-0x00000152ccbd0000), size 12386304, SharedBaseAddress: 0x00000152cc000000, ArchiveRelocationMode: 1.
Compressed class space mapped at: 0x00000152cd000000-0x00000152e7000000, reserved size: 436207616
Narrow klass base: 0x00000152cc000000, Narrow klass shift: 0, Narrow klass range: 0x100000000

GC Precious Log:
 CPUs: 4 total, 4 available
 Memory: 7886M
 Large Page Support: Disabled
 NUMA Support: Disabled
 Compressed Oops: Enabled (32-bit)
 Heap Region Size: 1M
 Heap Min Capacity: 8M
 Heap Initial Capacity: 124M
 Heap Max Capacity: 2G
 Pre-touch: Disabled
 Parallel Workers: 4
 Concurrent Workers: 1
 Concurrent Refinement Workers: 4
 Periodic GC: Disabled

Heap:
 garbage-first heap   total 268288K, used 171451K [0x0000000080000000, 0x0000000100000000)
  region size 1024K, 16 young (16384K), 6 survivors (6144K)
 Metaspace       used 106019K, committed 107008K, reserved 557056K
  class space    used 14670K, committed 15104K, reserved 425984K

Heap Regions: E=young(eden), S=young(survivor), O=old, HS=humongous(starts), HC=humongous(continues), CS=collection set, F=free, OA=open archive, CA=closed archive, TAMS=top-at-mark-start (previous, next)
|   0|0x0000000080000000, 0x0000000080100000, 0x0000000080100000|100%| O|  |TAMS 0x0000000080100000, 0x0000000080000000| Untracked 
|   1|0x0000000080100000, 0x0000000080200000, 0x0000000080200000|100%| O|  |TAMS 0x0000000080200000, 0x0000000080100000| Untracked 
|   2|0x0000000080200000, 0x0000000080300000, 0x0000000080300000|100%|HS|  |TAMS 0x0000000080300000, 0x0000000080200000| Complete 
|   3|0x0000000080300000, 0x0000000080400000, 0x0000000080400000|100%|HC|  |TAMS 0x0000000080400000, 0x0000000080300000| Complete 
|   4|0x0000000080400000, 0x0000000080500000, 0x0000000080500000|100%|HC|  |TAMS 0x0000000080500000, 0x0000000080400000| Complete 
|   5|0x0000000080500000, 0x0000000080600000, 0x0000000080600000|100%|HC|  |TAMS 0x0000000080600000, 0x0000000080500000| Complete 
|   6|0x0000000080600000, 0x0000000080700000, 0x0000000080700000|100%| O|  |TAMS 0x0000000080700000, 0x0000000080600000| Untracked 
|   7|0x0000000080700000, 0x0000000080800000, 0x0000000080800000|100%| O|  |TAMS 0x0000000080800000, 0x0000000080700000| Untracked 
|   8|0x0000000080800000, 0x0000000080900000, 0x0000000080900000|100%| O|  |TAMS 0x0000000080900000, 0x0000000080800000| Untracked 
|   9|0x0000000080900000, 0x0000000080a00000, 0x0000000080a00000|100%| O|  |TAMS 0x0000000080a00000, 0x0000000080900000| Untracked 
|  10|0x0000000080a00000, 0x0000000080b00000, 0x0000000080b00000|100%| O|  |TAMS 0x0000000080b00000, 0x0000000080a00000| Untracked 
|  11|0x0000000080b00000, 0x0000000080c00000, 0x0000000080c00000|100%| O|  |TAMS 0x0000000080c00000, 0x0000000080b00000| Untracked 
|  12|0x0000000080c00000, 0x0000000080d00000, 0x0000000080d00000|100%| O|  |TAMS 0x0000000080d00000, 0x0000000080c00000| Untracked 
|  13|0x0000000080d00000, 0x0000000080e00000, 0x0000000080e00000|100%| O|  |TAMS 0x0000000080e00000, 0x0000000080d00000| Untracked 
|  14|0x0000000080e00000, 0x0000000080f00000, 0x0000000080f00000|100%| O|  |TAMS 0x0000000080f00000, 0x0000000080e00000| Untracked 
|  15|0x0000000080f00000, 0x0000000081000000, 0x0000000081000000|100%| O|  |TAMS 0x0000000081000000, 0x0000000080f00000| Untracked 
|  16|0x0000000081000000, 0x0000000081100000, 0x0000000081100000|100%| O|  |TAMS 0x0000000081100000, 0x0000000081000000| Untracked 
|  17|0x0000000081100000, 0x0000000081200000, 0x0000000081200000|100%| O|  |TAMS 0x0000000081200000, 0x0000000081100000| Untracked 
|  18|0x0000000081200000, 0x0000000081300000, 0x0000000081300000|100%| O|  |TAMS 0x0000000081300000, 0x0000000081200000| Untracked 
|  19|0x0000000081300000, 0x00000000813f0c00, 0x0000000081400000| 94%| O|  |TAMS 0x00000000813f0c00, 0x0000000081300000| Untracked 
|  20|0x0000000081400000, 0x0000000081500000, 0x0000000081500000|100%| O|  |TAMS 0x0000000081500000, 0x0000000081400000| Untracked 
|  21|0x0000000081500000, 0x0000000081600000, 0x0000000081600000|100%| O|  |TAMS 0x0000000081600000, 0x0000000081500000| Untracked 
|  22|0x0000000081600000, 0x0000000081700000, 0x0000000081700000|100%| O|  |TAMS 0x0000000081700000, 0x0000000081600000| Untracked 
|  23|0x0000000081700000, 0x0000000081800000, 0x0000000081800000|100%| O|  |TAMS 0x0000000081800000, 0x0000000081700000| Untracked 
|  24|0x0000000081800000, 0x0000000081900000, 0x0000000081900000|100%| O|  |TAMS 0x0000000081900000, 0x0000000081800000| Untracked 
|  25|0x0000000081900000, 0x0000000081a00000, 0x0000000081a00000|100%| O|  |TAMS 0x0000000081a00000, 0x0000000081900000| Untracked 
|  26|0x0000000081a00000, 0x0000000081b00000, 0x0000000081b00000|100%| O|  |TAMS 0x0000000081b00000, 0x0000000081a00000| Untracked 
|  27|0x0000000081b00000, 0x0000000081c00000, 0x0000000081c00000|100%| O|  |TAMS 0x0000000081c00000, 0x0000000081b00000| Untracked 
|  28|0x0000000081c00000, 0x0000000081d00000, 0x0000000081d00000|100%| O|  |TAMS 0x0000000081d00000, 0x0000000081c00000| Untracked 
|  29|0x0000000081d00000, 0x0000000081e00000, 0x0000000081e00000|100%| O|  |TAMS 0x0000000081e00000, 0x0000000081d00000| Untracked 
|  30|0x0000000081e00000, 0x0000000081f00000, 0x0000000081f00000|100%| O|  |TAMS 0x0000000081f00000, 0x0000000081e00000| Untracked 
|  31|0x0000000081f00000, 0x0000000082000000, 0x0000000082000000|100%| O|  |TAMS 0x0000000082000000, 0x0000000081f00000| Untracked 
|  32|0x0000000082000000, 0x0000000082100000, 0x0000000082100000|100%| O|  |TAMS 0x0000000082100000, 0x0000000082000000| Untracked 
|  33|0x0000000082100000, 0x0000000082200000, 0x0000000082200000|100%| O|  |TAMS 0x0000000082200000, 0x0000000082100000| Untracked 
|  34|0x0000000082200000, 0x0000000082300000, 0x0000000082300000|100%| O|  |TAMS 0x0000000082300000, 0x0000000082200000| Untracked 
|  35|0x0000000082300000, 0x0000000082400000, 0x0000000082400000|100%| O|  |TAMS 0x0000000082400000, 0x0000000082300000| Untracked 
|  36|0x0000000082400000, 0x0000000082500000, 0x0000000082500000|100%| O|  |TAMS 0x0000000082500000, 0x0000000082400000| Untracked 
|  37|0x0000000082500000, 0x0000000082600000, 0x0000000082600000|100%| O|  |TAMS 0x0000000082600000, 0x0000000082500000| Untracked 
|  38|0x0000000082600000, 0x0000000082700000, 0x0000000082700000|100%| O|  |TAMS 0x0000000082700000, 0x0000000082600000| Untracked 
|  39|0x0000000082700000, 0x0000000082800000, 0x0000000082800000|100%| O|  |TAMS 0x0000000082700000, 0x0000000082700000| Untracked 
|  40|0x0000000082800000, 0x0000000082900000, 0x0000000082900000|100%|HS|  |TAMS 0x0000000082800000, 0x0000000082800000| Complete 
|  41|0x0000000082900000, 0x0000000082a00000, 0x0000000082a00000|100%| O|  |TAMS 0x0000000082a00000, 0x0000000082900000| Untracked 
|  42|0x0000000082a00000, 0x0000000082b00000, 0x0000000082b00000|100%| O|  |TAMS 0x0000000082b00000, 0x0000000082a00000| Untracked 
|  43|0x0000000082b00000, 0x0000000082c00000, 0x0000000082c00000|100%|HS|  |TAMS 0x0000000082c00000, 0x0000000082b00000| Complete 
|  44|0x0000000082c00000, 0x0000000082d00000, 0x0000000082d00000|100%|HC|  |TAMS 0x0000000082d00000, 0x0000000082c00000| Complete 
|  45|0x0000000082d00000, 0x0000000082e00000, 0x0000000082e00000|100%|HS|  |TAMS 0x0000000082e00000, 0x0000000082d00000| Complete 
|  46|0x0000000082e00000, 0x0000000082f00000, 0x0000000082f00000|100%|HC|  |TAMS 0x0000000082f00000, 0x0000000082e00000| Complete 
|  47|0x0000000082f00000, 0x0000000083000000, 0x0000000083000000|100%|HS|  |TAMS 0x0000000083000000, 0x0000000082f00000| Complete 
|  48|0x0000000083000000, 0x0000000083100000, 0x0000000083100000|100%|HC|  |TAMS 0x0000000083100000, 0x0000000083000000| Complete 
|  49|0x0000000083100000, 0x0000000083200000, 0x0000000083200000|100%|HC|  |TAMS 0x0000000083200000, 0x0000000083100000| Complete 
|  50|0x0000000083200000, 0x0000000083300000, 0x0000000083300000|100%|HC|  |TAMS 0x0000000083300000, 0x0000000083200000| Complete 
|  51|0x0000000083300000, 0x0000000083400000, 0x0000000083400000|100%| O|  |TAMS 0x0000000083400000, 0x0000000083300000| Untracked 
|  52|0x0000000083400000, 0x0000000083500000, 0x0000000083500000|100%| O|  |TAMS 0x0000000083500000, 0x0000000083400000| Untracked 
|  53|0x0000000083500000, 0x0000000083600000, 0x0000000083600000|100%| O|  |TAMS 0x0000000083600000, 0x0000000083500000| Untracked 
|  54|0x0000000083600000, 0x0000000083700000, 0x0000000083700000|100%| O|  |TAMS 0x0000000083700000, 0x0000000083600000| Untracked 
|  55|0x0000000083700000, 0x0000000083800000, 0x0000000083800000|100%| O|  |TAMS 0x0000000083800000, 0x0000000083700000| Untracked 
|  56|0x0000000083800000, 0x0000000083900000, 0x0000000083900000|100%| O|  |TAMS 0x0000000083900000, 0x0000000083800000| Untracked 
|  57|0x0000000083900000, 0x0000000083a00000, 0x0000000083a00000|100%|HS|  |TAMS 0x0000000083a00000, 0x0000000083900000| Complete 
|  58|0x0000000083a00000, 0x0000000083b00000, 0x0000000083b00000|100%|HC|  |TAMS 0x0000000083b00000, 0x0000000083a00000| Complete 
|  59|0x0000000083b00000, 0x0000000083c00000, 0x0000000083c00000|100%|HC|  |TAMS 0x0000000083c00000, 0x0000000083b00000| Complete 
|  60|0x0000000083c00000, 0x0000000083d00000, 0x0000000083d00000|100%|HC|  |TAMS 0x0000000083d00000, 0x0000000083c00000| Complete 
|  61|0x0000000083d00000, 0x0000000083e00000, 0x0000000083e00000|100%| O|  |TAMS 0x0000000083d7d200, 0x0000000083d00000| Untracked 
|  62|0x0000000083e00000, 0x0000000083f00000, 0x0000000083f00000|100%| O|  |TAMS 0x0000000083e00000, 0x0000000083e00000| Untracked 
|  63|0x0000000083f00000, 0x0000000084000000, 0x0000000084000000|100%| O|  |TAMS 0x0000000083f00000, 0x0000000083f00000| Untracked 
|  64|0x0000000084000000, 0x0000000084100000, 0x0000000084100000|100%|HS|  |TAMS 0x0000000084000000, 0x0000000084000000| Complete 
|  65|0x0000000084100000, 0x0000000084200000, 0x0000000084200000|100%|HS|  |TAMS 0x0000000084100000, 0x0000000084100000| Complete 
|  66|0x0000000084200000, 0x0000000084300000, 0x0000000084300000|100%| O|  |TAMS 0x0000000084200000, 0x0000000084200000| Untracked 
|  67|0x0000000084300000, 0x0000000084400000, 0x0000000084400000|100%|HS|  |TAMS 0x0000000084300000, 0x0000000084300000| Complete 
|  68|0x0000000084400000, 0x0000000084500000, 0x0000000084500000|100%| O|  |TAMS 0x0000000084400000, 0x0000000084400000| Untracked 
|  69|0x0000000084500000, 0x0000000084600000, 0x0000000084600000|100%| O|  |TAMS 0x0000000084500000, 0x0000000084500000| Untracked 
|  70|0x0000000084600000, 0x0000000084700000, 0x0000000084700000|100%| O|  |TAMS 0x0000000084600000, 0x0000000084600000| Untracked 
|  71|0x0000000084700000, 0x0000000084800000, 0x0000000084800000|100%| O|  |TAMS 0x0000000084700000, 0x0000000084700000| Untracked 
|  72|0x0000000084800000, 0x0000000084900000, 0x0000000084900000|100%| O|  |TAMS 0x0000000084800000, 0x0000000084800000| Untracked 
|  73|0x0000000084900000, 0x0000000084a00000, 0x0000000084a00000|100%| O|  |TAMS 0x0000000084900000, 0x0000000084900000| Untracked 
|  74|0x0000000084a00000, 0x0000000084b00000, 0x0000000084b00000|100%| O|  |TAMS 0x0000000084a00000, 0x0000000084a00000| Untracked 
|  75|0x0000000084b00000, 0x0000000084c00000, 0x0000000084c00000|100%| O|  |TAMS 0x0000000084b00000, 0x0000000084b00000| Untracked 
|  76|0x0000000084c00000, 0x0000000084d00000, 0x0000000084d00000|100%| O|  |TAMS 0x0000000084c00000, 0x0000000084c00000| Untracked 
|  77|0x0000000084d00000, 0x0000000084e00000, 0x0000000084e00000|100%| O|  |TAMS 0x0000000084d00000, 0x0000000084d00000| Untracked 
|  78|0x0000000084e00000, 0x0000000084f00000, 0x0000000084f00000|100%| O|  |TAMS 0x0000000084e00000, 0x0000000084e00000| Untracked 
|  79|0x0000000084f00000, 0x0000000085000000, 0x0000000085000000|100%| O|  |TAMS 0x0000000084f00000, 0x0000000084f00000| Untracked 
|  80|0x0000000085000000, 0x0000000085100000, 0x0000000085100000|100%| O|  |TAMS 0x0000000085000000, 0x0000000085000000| Untracked 
|  81|0x0000000085100000, 0x0000000085200000, 0x0000000085200000|100%| O|  |TAMS 0x0000000085100000, 0x0000000085100000| Untracked 
|  82|0x0000000085200000, 0x0000000085300000, 0x0000000085300000|100%| O|  |TAMS 0x0000000085200000, 0x0000000085200000| Untracked 
|  83|0x0000000085300000, 0x0000000085400000, 0x0000000085400000|100%| O|  |TAMS 0x0000000085300000, 0x0000000085300000| Untracked 
|  84|0x0000000085400000, 0x0000000085500000, 0x0000000085500000|100%| O|  |TAMS 0x0000000085400000, 0x0000000085400000| Untracked 
|  85|0x0000000085500000, 0x0000000085600000, 0x0000000085600000|100%| O|  |TAMS 0x0000000085500000, 0x0000000085500000| Untracked 
|  86|0x0000000085600000, 0x0000000085700000, 0x0000000085700000|100%| O|  |TAMS 0x0000000085600000, 0x0000000085600000| Untracked 
|  87|0x0000000085700000, 0x0000000085800000, 0x0000000085800000|100%| O|  |TAMS 0x0000000085700000, 0x0000000085700000| Untracked 
|  88|0x0000000085800000, 0x0000000085900000, 0x0000000085900000|100%| O|  |TAMS 0x0000000085800000, 0x0000000085800000| Untracked 
|  89|0x0000000085900000, 0x0000000085a00000, 0x0000000085a00000|100%| O|  |TAMS 0x0000000085900000, 0x0000000085900000| Untracked 
|  90|0x0000000085a00000, 0x0000000085b00000, 0x0000000085b00000|100%|HS|  |TAMS 0x0000000085a00000, 0x0000000085a00000| Complete 
|  91|0x0000000085b00000, 0x0000000085c00000, 0x0000000085c00000|100%|HS|  |TAMS 0x0000000085b00000, 0x0000000085b00000| Complete 
|  92|0x0000000085c00000, 0x0000000085d00000, 0x0000000085d00000|100%|HS|  |TAMS 0x0000000085c00000, 0x0000000085c00000| Complete 
|  93|0x0000000085d00000, 0x0000000085e00000, 0x0000000085e00000|100%|HC|  |TAMS 0x0000000085d00000, 0x0000000085d00000| Complete 
|  94|0x0000000085e00000, 0x0000000085f00000, 0x0000000085f00000|100%| O|  |TAMS 0x0000000085e00000, 0x0000000085e00000| Untracked 
|  95|0x0000000085f00000, 0x0000000086000000, 0x0000000086000000|100%| O|  |TAMS 0x0000000085f00000, 0x0000000085f00000| Untracked 
|  96|0x0000000086000000, 0x0000000086100000, 0x0000000086100000|100%| O|  |TAMS 0x0000000086000000, 0x0000000086000000| Untracked 
|  97|0x0000000086100000, 0x0000000086200000, 0x0000000086200000|100%| O|  |TAMS 0x0000000086100000, 0x0000000086100000| Untracked 
|  98|0x0000000086200000, 0x0000000086300000, 0x0000000086300000|100%| O|  |TAMS 0x0000000086200000, 0x0000000086200000| Untracked 
|  99|0x0000000086300000, 0x0000000086400000, 0x0000000086400000|100%| O|  |TAMS 0x0000000086300000, 0x0000000086300000| Untracked 
| 100|0x0000000086400000, 0x0000000086500000, 0x0000000086500000|100%| O|  |TAMS 0x0000000086400000, 0x0000000086400000| Untracked 
| 101|0x0000000086500000, 0x0000000086600000, 0x0000000086600000|100%| O|  |TAMS 0x0000000086500000, 0x0000000086500000| Untracked 
| 102|0x0000000086600000, 0x0000000086700000, 0x0000000086700000|100%| O|  |TAMS 0x0000000086600000, 0x0000000086600000| Untracked 
| 103|0x0000000086700000, 0x0000000086800000, 0x0000000086800000|100%| O|  |TAMS 0x0000000086700000, 0x0000000086700000| Untracked 
| 104|0x0000000086800000, 0x0000000086900000, 0x0000000086900000|100%| O|  |TAMS 0x0000000086800000, 0x0000000086800000| Untracked 
| 105|0x0000000086900000, 0x0000000086a00000, 0x0000000086a00000|100%| O|  |TAMS 0x0000000086900000, 0x0000000086900000| Untracked 
| 106|0x0000000086a00000, 0x0000000086b00000, 0x0000000086b00000|100%|HS|  |TAMS 0x0000000086a00000, 0x0000000086a00000| Complete 
| 107|0x0000000086b00000, 0x0000000086c00000, 0x0000000086c00000|100%|HS|  |TAMS 0x0000000086b00000, 0x0000000086b00000| Complete 
| 108|0x0000000086c00000, 0x0000000086d00000, 0x0000000086d00000|100%| O|  |TAMS 0x0000000086c00000, 0x0000000086c00000| Untracked 
| 109|0x0000000086d00000, 0x0000000086e00000, 0x0000000086e00000|100%|HS|  |TAMS 0x0000000086d00000, 0x0000000086d00000| Complete 
| 110|0x0000000086e00000, 0x0000000086f00000, 0x0000000086f00000|100%| O|  |TAMS 0x0000000086e00000, 0x0000000086e00000| Untracked 
| 111|0x0000000086f00000, 0x0000000087000000, 0x0000000087000000|100%| O|  |TAMS 0x0000000086f00000, 0x0000000086f00000| Untracked 
| 112|0x0000000087000000, 0x0000000087100000, 0x0000000087100000|100%| O|  |TAMS 0x0000000087000000, 0x0000000087000000| Untracked 
| 113|0x0000000087100000, 0x0000000087200000, 0x0000000087200000|100%| O|  |TAMS 0x0000000087100000, 0x0000000087100000| Untracked 
| 114|0x0000000087200000, 0x0000000087300000, 0x0000000087300000|100%| O|  |TAMS 0x0000000087200000, 0x0000000087200000| Untracked 
| 115|0x0000000087300000, 0x0000000087400000, 0x0000000087400000|100%| O|  |TAMS 0x0000000087300000, 0x0000000087300000| Untracked 
| 116|0x0000000087400000, 0x0000000087500000, 0x0000000087500000|100%| O|  |TAMS 0x0000000087400000, 0x0000000087400000| Untracked 
| 117|0x0000000087500000, 0x0000000087600000, 0x0000000087600000|100%| O|  |TAMS 0x0000000087500000, 0x0000000087500000| Untracked 
| 118|0x0000000087600000, 0x0000000087700000, 0x0000000087700000|100%| O|  |TAMS 0x0000000087600000, 0x0000000087600000| Untracked 
| 119|0x0000000087700000, 0x0000000087800000, 0x0000000087800000|100%| O|  |TAMS 0x0000000087700000, 0x0000000087700000| Untracked 
| 120|0x0000000087800000, 0x0000000087900000, 0x0000000087900000|100%| O|  |TAMS 0x0000000087800000, 0x0000000087800000| Untracked 
| 121|0x0000000087900000, 0x0000000087a00000, 0x0000000087a00000|100%| O|  |TAMS 0x0000000087900000, 0x0000000087900000| Untracked 
| 122|0x0000000087a00000, 0x0000000087b00000, 0x0000000087b00000|100%| O|  |TAMS 0x0000000087a00000, 0x0000000087a00000| Untracked 
| 123|0x0000000087b00000, 0x0000000087c00000, 0x0000000087c00000|100%| O|  |TAMS 0x0000000087b00000, 0x0000000087b00000| Untracked 
| 124|0x0000000087c00000, 0x0000000087d00000, 0x0000000087d00000|100%| O|  |TAMS 0x0000000087c00000, 0x0000000087c00000| Untracked 
| 125|0x0000000087d00000, 0x0000000087e00000, 0x0000000087e00000|100%| O|  |TAMS 0x0000000087d00000, 0x0000000087d00000| Untracked 
| 126|0x0000000087e00000, 0x0000000087f00000, 0x0000000087f00000|100%| O|  |TAMS 0x0000000087e00000, 0x0000000087e00000| Untracked 
| 127|0x0000000087f00000, 0x0000000088000000, 0x0000000088000000|100%| O|  |TAMS 0x0000000087f00000, 0x0000000087f00000| Untracked 
| 128|0x0000000088000000, 0x0000000088100000, 0x0000000088100000|100%| O|  |TAMS 0x0000000088000000, 0x0000000088000000| Untracked 
| 129|0x0000000088100000, 0x0000000088200000, 0x0000000088200000|100%| O|  |TAMS 0x0000000088100000, 0x0000000088100000| Untracked 
| 130|0x0000000088200000, 0x0000000088300000, 0x0000000088300000|100%| O|  |TAMS 0x0000000088200000, 0x0000000088200000| Untracked 
| 131|0x0000000088300000, 0x0000000088400000, 0x0000000088400000|100%| O|  |TAMS 0x0000000088300000, 0x0000000088300000| Untracked 
| 132|0x0000000088400000, 0x0000000088500000, 0x0000000088500000|100%| O|  |TAMS 0x0000000088400000, 0x0000000088400000| Untracked 
| 133|0x0000000088500000, 0x0000000088600000, 0x0000000088600000|100%| O|  |TAMS 0x0000000088500000, 0x0000000088500000| Untracked 
| 134|0x0000000088600000, 0x0000000088700000, 0x0000000088700000|100%| O|  |TAMS 0x0000000088600000, 0x0000000088600000| Untracked 
| 135|0x0000000088700000, 0x0000000088800000, 0x0000000088800000|100%| O|  |TAMS 0x0000000088700000, 0x0000000088700000| Untracked 
| 136|0x0000000088800000, 0x0000000088900000, 0x0000000088900000|100%| O|  |TAMS 0x0000000088800000, 0x0000000088800000| Untracked 
| 137|0x0000000088900000, 0x0000000088a00000, 0x0000000088a00000|100%| O|  |TAMS 0x0000000088900000, 0x0000000088900000| Untracked 
| 138|0x0000000088a00000, 0x0000000088b00000, 0x0000000088b00000|100%| O|  |TAMS 0x0000000088a00000, 0x0000000088a00000| Untracked 
| 139|0x0000000088b00000, 0x0000000088c00000, 0x0000000088c00000|100%| O|  |TAMS 0x0000000088b00000, 0x0000000088b00000| Untracked 
| 140|0x0000000088c00000, 0x0000000088d00000, 0x0000000088d00000|100%| O|  |TAMS 0x0000000088c00000, 0x0000000088c00000| Untracked 
| 141|0x0000000088d00000, 0x0000000088e00000, 0x0000000088e00000|100%| O|  |TAMS 0x0000000088d00000, 0x0000000088d00000| Untracked 
| 142|0x0000000088e00000, 0x0000000088f00000, 0x0000000088f00000|100%| O|  |TAMS 0x0000000088e00000, 0x0000000088e00000| Untracked 
| 143|0x0000000088f00000, 0x0000000089000000, 0x0000000089000000|100%| O|  |TAMS 0x0000000088f00000, 0x0000000088f00000| Untracked 
| 144|0x0000000089000000, 0x0000000089100000, 0x0000000089100000|100%| O|  |TAMS 0x0000000089000000, 0x0000000089000000| Untracked 
| 145|0x0000000089100000, 0x0000000089200000, 0x0000000089200000|100%| O|  |TAMS 0x0000000089100000, 0x0000000089100000| Untracked 
| 146|0x0000000089200000, 0x0000000089300000, 0x0000000089300000|100%| O|  |TAMS 0x0000000089200000, 0x0000000089200000| Untracked 
| 147|0x0000000089300000, 0x0000000089400000, 0x0000000089400000|100%| O|  |TAMS 0x0000000089300000, 0x0000000089300000| Untracked 
| 148|0x0000000089400000, 0x0000000089500000, 0x0000000089500000|100%| O|  |TAMS 0x0000000089400000, 0x0000000089400000| Untracked 
| 149|0x0000000089500000, 0x0000000089600000, 0x0000000089600000|100%| O|  |TAMS 0x0000000089500000, 0x0000000089500000| Untracked 
| 150|0x0000000089600000, 0x0000000089700000, 0x0000000089700000|100%| O|  |TAMS 0x0000000089600000, 0x0000000089600000| Untracked 
| 151|0x0000000089700000, 0x0000000089800000, 0x0000000089800000|100%| O|  |TAMS 0x0000000089700000, 0x0000000089700000| Untracked 
| 152|0x0000000089800000, 0x0000000089900000, 0x0000000089900000|100%| O|  |TAMS 0x0000000089800000, 0x0000000089800000| Untracked 
| 153|0x0000000089900000, 0x0000000089923800, 0x0000000089a00000| 13%| O|  |TAMS 0x0000000089900000, 0x0000000089900000| Untracked 
| 154|0x0000000089a00000, 0x0000000089a00000, 0x0000000089b00000|  0%| F|  |TAMS 0x0000000089a00000, 0x0000000089a00000| Untracked 
| 155|0x0000000089b00000, 0x0000000089b00000, 0x0000000089c00000|  0%| F|  |TAMS 0x0000000089b00000, 0x0000000089b00000| Untracked 
| 156|0x0000000089c00000, 0x0000000089c00000, 0x0000000089d00000|  0%| F|  |TAMS 0x0000000089c00000, 0x0000000089c00000| Untracked 
| 157|0x0000000089d00000, 0x0000000089d00000, 0x0000000089e00000|  0%| F|  |TAMS 0x0000000089d00000, 0x0000000089d00000| Untracked 
| 158|0x0000000089e00000, 0x0000000089e00000, 0x0000000089f00000|  0%| F|  |TAMS 0x0000000089e00000, 0x0000000089e00000| Untracked 
| 159|0x0000000089f00000, 0x0000000089f00000, 0x000000008a000000|  0%| F|  |TAMS 0x0000000089f00000, 0x0000000089f00000| Untracked 
| 160|0x000000008a000000, 0x000000008a000000, 0x000000008a100000|  0%| F|  |TAMS 0x000000008a000000, 0x000000008a000000| Untracked 
| 161|0x000000008a100000, 0x000000008a100000, 0x000000008a200000|  0%| F|  |TAMS 0x000000008a100000, 0x000000008a100000| Untracked 
| 162|0x000000008a200000, 0x000000008a200000, 0x000000008a300000|  0%| F|  |TAMS 0x000000008a200000, 0x000000008a200000| Untracked 
| 163|0x000000008a300000, 0x000000008a300000, 0x000000008a400000|  0%| F|  |TAMS 0x000000008a300000, 0x000000008a300000| Untracked 
| 164|0x000000008a400000, 0x000000008a400000, 0x000000008a500000|  0%| F|  |TAMS 0x000000008a400000, 0x000000008a400000| Untracked 
| 165|0x000000008a500000, 0x000000008a500000, 0x000000008a600000|  0%| F|  |TAMS 0x000000008a500000, 0x000000008a500000| Untracked 
| 166|0x000000008a600000, 0x000000008a600000, 0x000000008a700000|  0%| F|  |TAMS 0x000000008a600000, 0x000000008a600000| Untracked 
| 167|0x000000008a700000, 0x000000008a700000, 0x000000008a800000|  0%| F|  |TAMS 0x000000008a700000, 0x000000008a700000| Untracked 
| 168|0x000000008a800000, 0x000000008a800000, 0x000000008a900000|  0%| F|  |TAMS 0x000000008a800000, 0x000000008a800000| Untracked 
| 169|0x000000008a900000, 0x000000008a900000, 0x000000008aa00000|  0%| F|  |TAMS 0x000000008a900000, 0x000000008a900000| Untracked 
| 170|0x000000008aa00000, 0x000000008aa00000, 0x000000008ab00000|  0%| F|  |TAMS 0x000000008aa00000, 0x000000008aa00000| Untracked 
| 171|0x000000008ab00000, 0x000000008ab00000, 0x000000008ac00000|  0%| F|  |TAMS 0x000000008ab00000, 0x000000008ab00000| Untracked 
| 172|0x000000008ac00000, 0x000000008ac00000, 0x000000008ad00000|  0%| F|  |TAMS 0x000000008ac00000, 0x000000008ac00000| Untracked 
| 173|0x000000008ad00000, 0x000000008ad00000, 0x000000008ae00000|  0%| F|  |TAMS 0x000000008ad00000, 0x000000008ad00000| Untracked 
| 174|0x000000008ae00000, 0x000000008ae00000, 0x000000008af00000|  0%| F|  |TAMS 0x000000008ae00000, 0x000000008ae00000| Untracked 
| 175|0x000000008af00000, 0x000000008af00000, 0x000000008b000000|  0%| F|  |TAMS 0x000000008af00000, 0x000000008af00000| Untracked 
| 176|0x000000008b000000, 0x000000008b000000, 0x000000008b100000|  0%| F|  |TAMS 0x000000008b000000, 0x000000008b000000| Untracked 
| 177|0x000000008b100000, 0x000000008b100000, 0x000000008b200000|  0%| F|  |TAMS 0x000000008b100000, 0x000000008b100000| Untracked 
| 178|0x000000008b200000, 0x000000008b200000, 0x000000008b300000|  0%| F|  |TAMS 0x000000008b200000, 0x000000008b200000| Untracked 
| 179|0x000000008b300000, 0x000000008b300000, 0x000000008b400000|  0%| F|  |TAMS 0x000000008b300000, 0x000000008b300000| Untracked 
| 180|0x000000008b400000, 0x000000008b400000, 0x000000008b500000|  0%| F|  |TAMS 0x000000008b400000, 0x000000008b400000| Untracked 
| 181|0x000000008b500000, 0x000000008b500000, 0x000000008b600000|  0%| F|  |TAMS 0x000000008b500000, 0x000000008b500000| Untracked 
| 182|0x000000008b600000, 0x000000008b600000, 0x000000008b700000|  0%| F|  |TAMS 0x000000008b600000, 0x000000008b600000| Untracked 
| 183|0x000000008b700000, 0x000000008b700000, 0x000000008b800000|  0%| F|  |TAMS 0x000000008b700000, 0x000000008b700000| Untracked 
| 184|0x000000008b800000, 0x000000008b800000, 0x000000008b900000|  0%| F|  |TAMS 0x000000008b800000, 0x000000008b800000| Untracked 
| 185|0x000000008b900000, 0x000000008b95ab18, 0x000000008ba00000| 35%| S|CS|TAMS 0x000000008b900000, 0x000000008b900000| Complete 
| 186|0x000000008ba00000, 0x000000008bb00000, 0x000000008bb00000|100%| S|CS|TAMS 0x000000008ba00000, 0x000000008ba00000| Complete 
| 187|0x000000008bb00000, 0x000000008bc00000, 0x000000008bc00000|100%| S|CS|TAMS 0x000000008bb00000, 0x000000008bb00000| Complete 
| 188|0x000000008bc00000, 0x000000008bd00000, 0x000000008bd00000|100%| S|CS|TAMS 0x000000008bc00000, 0x000000008bc00000| Complete 
| 189|0x000000008bd00000, 0x000000008be00000, 0x000000008be00000|100%| S|CS|TAMS 0x000000008bd00000, 0x000000008bd00000| Complete 
| 190|0x000000008be00000, 0x000000008be00000, 0x000000008bf00000|  0%| F|  |TAMS 0x000000008be00000, 0x000000008be00000| Untracked 
| 191|0x000000008bf00000, 0x000000008bf00000, 0x000000008c000000|  0%| F|  |TAMS 0x000000008bf00000, 0x000000008bf00000| Untracked 
| 192|0x000000008c000000, 0x000000008c000000, 0x000000008c100000|  0%| F|  |TAMS 0x000000008c000000, 0x000000008c000000| Untracked 
| 193|0x000000008c100000, 0x000000008c100000, 0x000000008c200000|  0%| F|  |TAMS 0x000000008c100000, 0x000000008c100000| Untracked 
| 194|0x000000008c200000, 0x000000008c200000, 0x000000008c300000|  0%| F|  |TAMS 0x000000008c200000, 0x000000008c200000| Untracked 
| 195|0x000000008c300000, 0x000000008c300000, 0x000000008c400000|  0%| F|  |TAMS 0x000000008c300000, 0x000000008c300000| Untracked 
| 196|0x000000008c400000, 0x000000008c400000, 0x000000008c500000|  0%| F|  |TAMS 0x000000008c400000, 0x000000008c400000| Untracked 
| 197|0x000000008c500000, 0x000000008c500000, 0x000000008c600000|  0%| F|  |TAMS 0x000000008c500000, 0x000000008c500000| Untracked 
| 198|0x000000008c600000, 0x000000008c600000, 0x000000008c700000|  0%| F|  |TAMS 0x000000008c600000, 0x000000008c600000| Untracked 
| 199|0x000000008c700000, 0x000000008c800000, 0x000000008c800000|100%| S|CS|TAMS 0x000000008c700000, 0x000000008c700000| Complete 
| 200|0x000000008c800000, 0x000000008c800000, 0x000000008c900000|  0%| F|  |TAMS 0x000000008c800000, 0x000000008c800000| Untracked 
| 201|0x000000008c900000, 0x000000008c900000, 0x000000008ca00000|  0%| F|  |TAMS 0x000000008c900000, 0x000000008c900000| Untracked 
| 202|0x000000008ca00000, 0x000000008ca00000, 0x000000008cb00000|  0%| F|  |TAMS 0x000000008ca00000, 0x000000008ca00000| Untracked 
| 203|0x000000008cb00000, 0x000000008cb00000, 0x000000008cc00000|  0%| F|  |TAMS 0x000000008cb00000, 0x000000008cb00000| Untracked 
| 204|0x000000008cc00000, 0x000000008cc00000, 0x000000008cd00000|  0%| F|  |TAMS 0x000000008cc00000, 0x000000008cc00000| Untracked 
| 205|0x000000008cd00000, 0x000000008cd00000, 0x000000008ce00000|  0%| F|  |TAMS 0x000000008cd00000, 0x000000008cd00000| Untracked 
| 206|0x000000008ce00000, 0x000000008ce00000, 0x000000008cf00000|  0%| F|  |TAMS 0x000000008ce00000, 0x000000008ce00000| Untracked 
| 207|0x000000008cf00000, 0x000000008cf00000, 0x000000008d000000|  0%| F|  |TAMS 0x000000008cf00000, 0x000000008cf00000| Untracked 
| 208|0x000000008d000000, 0x000000008d000000, 0x000000008d100000|  0%| F|  |TAMS 0x000000008d000000, 0x000000008d000000| Untracked 
| 209|0x000000008d100000, 0x000000008d100000, 0x000000008d200000|  0%| F|  |TAMS 0x000000008d100000, 0x000000008d100000| Untracked 
| 210|0x000000008d200000, 0x000000008d200000, 0x000000008d300000|  0%| F|  |TAMS 0x000000008d200000, 0x000000008d200000| Untracked 
| 211|0x000000008d300000, 0x000000008d300000, 0x000000008d400000|  0%| F|  |TAMS 0x000000008d300000, 0x000000008d300000| Untracked 
| 212|0x000000008d400000, 0x000000008d400000, 0x000000008d500000|  0%| F|  |TAMS 0x000000008d400000, 0x000000008d400000| Untracked 
| 213|0x000000008d500000, 0x000000008d500000, 0x000000008d600000|  0%| F|  |TAMS 0x000000008d500000, 0x000000008d500000| Untracked 
| 214|0x000000008d600000, 0x000000008d600000, 0x000000008d700000|  0%| F|  |TAMS 0x000000008d600000, 0x000000008d600000| Untracked 
| 215|0x000000008d700000, 0x000000008d700000, 0x000000008d800000|  0%| F|  |TAMS 0x000000008d700000, 0x000000008d700000| Untracked 
| 216|0x000000008d800000, 0x000000008d800000, 0x000000008d900000|  0%| F|  |TAMS 0x000000008d800000, 0x000000008d800000| Untracked 
| 217|0x000000008d900000, 0x000000008d900000, 0x000000008da00000|  0%| F|  |TAMS 0x000000008d900000, 0x000000008d900000| Untracked 
| 218|0x000000008da00000, 0x000000008da00000, 0x000000008db00000|  0%| F|  |TAMS 0x000000008da00000, 0x000000008da00000| Untracked 
| 219|0x000000008db00000, 0x000000008db00000, 0x000000008dc00000|  0%| F|  |TAMS 0x000000008db00000, 0x000000008db00000| Untracked 
| 220|0x000000008dc00000, 0x000000008dc00000, 0x000000008dd00000|  0%| F|  |TAMS 0x000000008dc00000, 0x000000008dc00000| Untracked 
| 221|0x000000008dd00000, 0x000000008dd00000, 0x000000008de00000|  0%| F|  |TAMS 0x000000008dd00000, 0x000000008dd00000| Untracked 
| 222|0x000000008de00000, 0x000000008de00000, 0x000000008df00000|  0%| F|  |TAMS 0x000000008de00000, 0x000000008de00000| Untracked 
| 223|0x000000008df00000, 0x000000008df00000, 0x000000008e000000|  0%| F|  |TAMS 0x000000008df00000, 0x000000008df00000| Untracked 
| 224|0x000000008e000000, 0x000000008e000000, 0x000000008e100000|  0%| F|  |TAMS 0x000000008e000000, 0x000000008e000000| Untracked 
| 225|0x000000008e100000, 0x000000008e100000, 0x000000008e200000|  0%| F|  |TAMS 0x000000008e100000, 0x000000008e100000| Untracked 
| 226|0x000000008e200000, 0x000000008e200000, 0x000000008e300000|  0%| F|  |TAMS 0x000000008e200000, 0x000000008e200000| Untracked 
| 227|0x000000008e300000, 0x000000008e300000, 0x000000008e400000|  0%| F|  |TAMS 0x000000008e300000, 0x000000008e300000| Untracked 
| 228|0x000000008e400000, 0x000000008e400000, 0x000000008e500000|  0%| F|  |TAMS 0x000000008e400000, 0x000000008e400000| Untracked 
| 229|0x000000008e500000, 0x000000008e500000, 0x000000008e600000|  0%| F|  |TAMS 0x000000008e500000, 0x000000008e500000| Untracked 
| 230|0x000000008e600000, 0x000000008e600000, 0x000000008e700000|  0%| F|  |TAMS 0x000000008e600000, 0x000000008e600000| Untracked 
| 231|0x000000008e700000, 0x000000008e700000, 0x000000008e800000|  0%| F|  |TAMS 0x000000008e700000, 0x000000008e700000| Untracked 
| 232|0x000000008e800000, 0x000000008e800000, 0x000000008e900000|  0%| F|  |TAMS 0x000000008e800000, 0x000000008e800000| Untracked 
| 233|0x000000008e900000, 0x000000008e900000, 0x000000008ea00000|  0%| F|  |TAMS 0x000000008e900000, 0x000000008e900000| Untracked 
| 234|0x000000008ea00000, 0x000000008ea00000, 0x000000008eb00000|  0%| F|  |TAMS 0x000000008ea00000, 0x000000008ea00000| Untracked 
| 235|0x000000008eb00000, 0x000000008eb00000, 0x000000008ec00000|  0%| F|  |TAMS 0x000000008eb00000, 0x000000008eb00000| Untracked 
| 236|0x000000008ec00000, 0x000000008ec00000, 0x000000008ed00000|  0%| F|  |TAMS 0x000000008ec00000, 0x000000008ec00000| Untracked 
| 237|0x000000008ed00000, 0x000000008ed00000, 0x000000008ee00000|  0%| F|  |TAMS 0x000000008ed00000, 0x000000008ed00000| Untracked 
| 238|0x000000008ee00000, 0x000000008ee00000, 0x000000008ef00000|  0%| F|  |TAMS 0x000000008ee00000, 0x000000008ee00000| Untracked 
| 239|0x000000008ef00000, 0x000000008ef00000, 0x000000008f000000|  0%| F|  |TAMS 0x000000008ef00000, 0x000000008ef00000| Untracked 
| 240|0x000000008f000000, 0x000000008f000000, 0x000000008f100000|  0%| F|  |TAMS 0x000000008f000000, 0x000000008f000000| Untracked 
| 241|0x000000008f100000, 0x000000008f100000, 0x000000008f200000|  0%| F|  |TAMS 0x000000008f100000, 0x000000008f100000| Untracked 
| 242|0x000000008f200000, 0x000000008f200000, 0x000000008f300000|  0%| F|  |TAMS 0x000000008f200000, 0x000000008f200000| Untracked 
| 243|0x000000008f300000, 0x000000008f300000, 0x000000008f400000|  0%| F|  |TAMS 0x000000008f300000, 0x000000008f300000| Untracked 
| 244|0x000000008f400000, 0x000000008f400000, 0x000000008f500000|  0%| F|  |TAMS 0x000000008f400000, 0x000000008f400000| Untracked 
| 245|0x000000008f500000, 0x000000008f500000, 0x000000008f600000|  0%| F|  |TAMS 0x000000008f500000, 0x000000008f500000| Untracked 
| 246|0x000000008f600000, 0x000000008f600000, 0x000000008f700000|  0%| F|  |TAMS 0x000000008f600000, 0x000000008f600000| Untracked 
| 247|0x000000008f700000, 0x000000008f700000, 0x000000008f800000|  0%| F|  |TAMS 0x000000008f700000, 0x000000008f700000| Untracked 
| 248|0x000000008f800000, 0x000000008f800000, 0x000000008f900000|  0%| F|  |TAMS 0x000000008f800000, 0x000000008f800000| Untracked 
| 249|0x000000008f900000, 0x000000008f900000, 0x000000008fa00000|  0%| F|  |TAMS 0x000000008f900000, 0x000000008f900000| Untracked 
| 250|0x000000008fa00000, 0x000000008fa00000, 0x000000008fb00000|  0%| F|  |TAMS 0x000000008fa00000, 0x000000008fa00000| Untracked 
| 251|0x000000008fb00000, 0x000000008fb00000, 0x000000008fc00000|  0%| F|  |TAMS 0x000000008fb00000, 0x000000008fb00000| Untracked 
| 252|0x000000008fc00000, 0x000000008fc63da8, 0x000000008fd00000| 39%| E|  |TAMS 0x000000008fc00000, 0x000000008fc00000| Complete 
| 253|0x000000008fd00000, 0x000000008fe00000, 0x000000008fe00000|100%| E|CS|TAMS 0x000000008fd00000, 0x000000008fd00000| Complete 
| 254|0x000000008fe00000, 0x000000008ff00000, 0x000000008ff00000|100%| E|CS|TAMS 0x000000008fe00000, 0x000000008fe00000| Complete 
| 255|0x000000008ff00000, 0x0000000090000000, 0x0000000090000000|100%| E|CS|TAMS 0x000000008ff00000, 0x000000008ff00000| Complete 
| 256|0x0000000090000000, 0x0000000090100000, 0x0000000090100000|100%| E|CS|TAMS 0x0000000090000000, 0x0000000090000000| Complete 
| 257|0x0000000090100000, 0x0000000090200000, 0x0000000090200000|100%| E|CS|TAMS 0x0000000090100000, 0x0000000090100000| Complete 
| 258|0x0000000090200000, 0x0000000090300000, 0x0000000090300000|100%| E|CS|TAMS 0x0000000090200000, 0x0000000090200000| Complete 
| 259|0x0000000090300000, 0x0000000090400000, 0x0000000090400000|100%| E|CS|TAMS 0x0000000090300000, 0x0000000090300000| Complete 
| 260|0x0000000090400000, 0x0000000090500000, 0x0000000090500000|100%| E|CS|TAMS 0x0000000090400000, 0x0000000090400000| Complete 
| 261|0x0000000090500000, 0x0000000090600000, 0x0000000090600000|100%| E|CS|TAMS 0x0000000090500000, 0x0000000090500000| Complete 

Card table byte_map: [0x00000152c4830000,0x00000152c4c30000] _byte_map_base: 0x00000152c4430000

Marking Bits (Prev, Next): (CMBitMap*) 0x00000152ad9a7fe0, (CMBitMap*) 0x00000152ad9a8020
 Prev Bits: [0x00000152c5030000, 0x00000152c7030000)
 Next Bits: [0x00000152c7030000, 0x00000152c9030000)

Polling page: 0x00000152ab730000

Metaspace:

Usage:
  Non-class:     89.21 MB used.
      Class:     14.33 MB used.
       Both:    103.54 MB used.

Virtual space:
  Non-class space:      128.00 MB reserved,      89.75 MB ( 70%) committed,  2 nodes.
      Class space:      416.00 MB reserved,      14.75 MB (  4%) committed,  1 nodes.
             Both:      544.00 MB reserved,     104.50 MB ( 19%) committed. 

Chunk freelists:
   Non-Class:  6.27 MB
       Class:  1.16 MB
        Both:  7.42 MB

MaxMetaspaceSize: 512.00 MB
CompressedClassSpaceSize: 416.00 MB
Initial GC threshold: 21.00 MB
Current GC threshold: 107.75 MB
CDS: on
MetaspaceReclaimPolicy: balanced
 - commit_granule_bytes: 65536.
 - commit_granule_words: 8192.
 - virtual_space_node_default_size: 8388608.
 - enlarge_chunks_in_place: 1.
 - new_chunks_are_fully_committed: 0.
 - uncommit_free_chunks: 1.
 - use_allocation_guard: 0.
 - handle_deallocations: 1.


Internal statistics:

num_allocs_failed_limit: 6.
num_arena_births: 1258.
num_arena_deaths: 0.
num_vsnodes_births: 3.
num_vsnodes_deaths: 0.
num_space_committed: 1672.
num_space_uncommitted: 0.
num_chunks_returned_to_freelist: 6.
num_chunks_taken_from_freelist: 5841.
num_chunk_merges: 6.
num_chunk_splits: 3852.
num_chunks_enlarged: 2502.
num_inconsistent_stats: 0.

CodeHeap 'non-profiled nmethods': size=120000Kb used=8699Kb max_used=8699Kb free=111300Kb
 bounds [0x00000152bcf00000, 0x00000152bd780000, 0x00000152c4430000]
CodeHeap 'profiled nmethods': size=120000Kb used=26170Kb max_used=26170Kb free=93829Kb
 bounds [0x00000152b5430000, 0x00000152b6dd0000, 0x00000152bc960000]
CodeHeap 'non-nmethods': size=5760Kb used=2419Kb max_used=2479Kb free=3340Kb
 bounds [0x00000152bc960000, 0x00000152bcbf0000, 0x00000152bcf00000]
 total_blobs=14139 nmethods=13197 adapters=852
 compilation: enabled
              stopped_count=0, restarted_count=0
 full_count=0

Compilation events (20 events):
Event: 36.410 Thread 0x00000152cb510bc0 nmethod 15529 0x00000152bd76d210 code [0x00000152bd76d400, 0x00000152bd76dbc8]
Event: 36.410 Thread 0x00000152cb510bc0 15532       4       java.util.concurrent.TimeUnit::toNanos (45 bytes)
Event: 36.411 Thread 0x00000152cb510bc0 nmethod 15532 0x00000152bd76e390 code [0x00000152bd76e500, 0x00000152bd76e5f8]
Event: 36.411 Thread 0x00000152cb510bc0 15531       4       org.gradle.internal.io.StreamByteBuffer$StreamByteBufferInputStream::read (8 bytes)
Event: 36.430 Thread 0x00000152cb510bc0 nmethod 15531 0x00000152bd76e690 code [0x00000152bd76e840, 0x00000152bd76f678]
Event: 36.430 Thread 0x00000152cb510bc0 15534       4       java.util.concurrent.locks.AbstractQueuedSynchronizer$ConditionObject::awaitNanos (200 bytes)
Event: 36.448 Thread 0x00000152cb510bc0 nmethod 15534 0x00000152bd76fc90 code [0x00000152bd76fe80, 0x00000152bd770c28]
Event: 36.448 Thread 0x00000152cb510bc0 15533   !   4       java.util.concurrent.ArrayBlockingQueue::poll (83 bytes)
Event: 36.457 Thread 0x00000152ed257560 nmethod 15526 0x00000152bd771390 code [0x00000152bd7716e0, 0x00000152bd7742c0]
Event: 36.457 Thread 0x00000152ed257560 15530   !   4       org.gradle.cache.internal.DefaultMultiProcessSafeIndexedCache::getIfPresent (25 bytes)
Event: 36.466 Thread 0x00000152cb51cb80 15536       3       org.gradle.internal.snapshot.DirectorySnapshot::<init> (41 bytes)
Event: 36.466 Thread 0x00000152cb51cb80 nmethod 15536 0x00000152b6db8a90 code [0x00000152b6db8cc0, 0x00000152b6db9688]
Event: 36.481 Thread 0x00000152cb510bc0 nmethod 15533 0x00000152bd775d10 code [0x00000152bd775f60, 0x00000152bd7774e0]
Event: 36.482 Thread 0x00000152cb510bc0 15535       4       com.google.common.cache.LocalCache$Segment::evictEntries (106 bytes)
Event: 36.497 Thread 0x00000152cb510bc0 nmethod 15535 0x00000152bd778110 code [0x00000152bd7782e0, 0x00000152bd778cd8]
Event: 36.497 Thread 0x00000152cb510bc0 15537       4       java.util.ArrayDeque::addFirst (51 bytes)
Event: 36.508 Thread 0x00000152cb510bc0 nmethod 15537 0x00000152bd779310 code [0x00000152bd7794a0, 0x00000152bd779e58]
Event: 36.508 Thread 0x00000152cb510bc0 15538       4       org.gradle.internal.snapshot.ChildMapFactory::childMapFromSorted (84 bytes)
Event: 36.512 Thread 0x00000152cb510bc0 nmethod 15538 0x00000152bd77a210 code [0x00000152bd77a3c0, 0x00000152bd77a738]
Event: 36.512 Thread 0x00000152cb510bc0 15528   !   4       com.google.common.cache.LocalCache$LoadingValueReference::loadFuture (125 bytes)

GC Heap History (20 events):
Event: 28.309 GC heap before
{Heap before GC invocations=32 (full 0):
 garbage-first heap   total 223232K, used 175724K [0x0000000080000000, 0x0000000100000000)
  region size 1024K, 86 young (88064K), 5 survivors (5120K)
 Metaspace       used 88041K, committed 88768K, reserved 557056K
  class space    used 12105K, committed 12416K, reserved 425984K
}
Event: 28.320 GC heap after
{Heap after GC invocations=33 (full 0):
 garbage-first heap   total 223232K, used 97139K [0x0000000080000000, 0x0000000100000000)
  region size 1024K, 10 young (10240K), 10 survivors (10240K)
 Metaspace       used 88041K, committed 88768K, reserved 557056K
  class space    used 12105K, committed 12416K, reserved 425984K
}
Event: 29.315 GC heap before
{Heap before GC invocations=33 (full 0):
 garbage-first heap   total 223232K, used 178035K [0x0000000080000000, 0x0000000100000000)
  region size 1024K, 89 young (91136K), 10 survivors (10240K)
 Metaspace       used 93326K, committed 94144K, reserved 557056K
  class space    used 13012K, committed 13376K, reserved 425984K
}
Event: 29.327 GC heap after
{Heap after GC invocations=34 (full 0):
 garbage-first heap   total 223232K, used 101080K [0x0000000080000000, 0x0000000100000000)
  region size 1024K, 10 young (10240K), 10 survivors (10240K)
 Metaspace       used 93326K, committed 94144K, reserved 557056K
  class space    used 13012K, committed 13376K, reserved 425984K
}
Event: 30.833 GC heap before
{Heap before GC invocations=34 (full 0):
 garbage-first heap   total 223232K, used 181976K [0x0000000080000000, 0x0000000100000000)
  region size 1024K, 86 young (88064K), 10 survivors (10240K)
 Metaspace       used 95723K, committed 96576K, reserved 557056K
  class space    used 13341K, committed 13696K, reserved 425984K
}
Event: 30.852 GC heap after
{Heap after GC invocations=35 (full 0):
 garbage-first heap   total 223232K, used 119086K [0x0000000080000000, 0x0000000100000000)
  region size 1024K, 11 young (11264K), 11 survivors (11264K)
 Metaspace       used 95723K, committed 96576K, reserved 557056K
  class space    used 13341K, committed 13696K, reserved 425984K
}
Event: 32.027 GC heap before
{Heap before GC invocations=35 (full 0):
 garbage-first heap   total 223232K, used 179502K [0x0000000080000000, 0x0000000100000000)
  region size 1024K, 67 young (68608K), 11 survivors (11264K)
 Metaspace       used 96306K, committed 97216K, reserved 557056K
  class space    used 13404K, committed 13760K, reserved 425984K
}
Event: 32.048 GC heap after
{Heap after GC invocations=36 (full 0):
 garbage-first heap   total 223232K, used 136626K [0x0000000080000000, 0x0000000100000000)
  region size 1024K, 9 young (9216K), 9 survivors (9216K)
 Metaspace       used 96306K, committed 97216K, reserved 557056K
  class space    used 13404K, committed 13760K, reserved 425984K
}
Event: 32.618 GC heap before
{Heap before GC invocations=36 (full 0):
 garbage-first heap   total 223232K, used 179634K [0x0000000080000000, 0x0000000100000000)
  region size 1024K, 51 young (52224K), 9 survivors (9216K)
 Metaspace       used 98908K, committed 99840K, reserved 557056K
  class space    used 13767K, committed 14208K, reserved 425984K
}
Event: 32.632 GC heap after
{Heap after GC invocations=37 (full 0):
 garbage-first heap   total 223232K, used 141068K [0x0000000080000000, 0x0000000100000000)
  region size 1024K, 4 young (4096K), 4 survivors (4096K)
 Metaspace       used 98908K, committed 99840K, reserved 557056K
  class space    used 13767K, committed 14208K, reserved 425984K
}
Event: 33.372 GC heap before
{Heap before GC invocations=37 (full 0):
 garbage-first heap   total 223232K, used 182028K [0x0000000080000000, 0x0000000100000000)
  region size 1024K, 44 young (45056K), 4 survivors (4096K)
 Metaspace       used 102276K, committed 103232K, reserved 557056K
  class space    used 14227K, committed 14656K, reserved 425984K
}
Event: 33.383 GC heap after
{Heap after GC invocations=38 (full 0):
 garbage-first heap   total 223232K, used 144726K [0x0000000080000000, 0x0000000100000000)
  region size 1024K, 6 young (6144K), 6 survivors (6144K)
 Metaspace       used 102276K, committed 103232K, reserved 557056K
  class space    used 14227K, committed 14656K, reserved 425984K
}
Event: 33.894 GC heap before
{Heap before GC invocations=38 (full 0):
 garbage-first heap   total 223232K, used 185686K [0x0000000080000000, 0x0000000100000000)
  region size 1024K, 46 young (47104K), 6 survivors (6144K)
 Metaspace       used 104163K, committed 105152K, reserved 557056K
  class space    used 14466K, committed 14912K, reserved 425984K
}
Event: 33.913 GC heap after
{Heap after GC invocations=39 (full 0):
 garbage-first heap   total 223232K, used 148266K [0x0000000080000000, 0x0000000100000000)
  region size 1024K, 4 young (4096K), 4 survivors (4096K)
 Metaspace       used 104163K, committed 105152K, reserved 557056K
  class space    used 14466K, committed 14912K, reserved 425984K
}
Event: 34.385 GC heap before
{Heap before GC invocations=39 (full 0):
 garbage-first heap   total 223232K, used 186154K [0x0000000080000000, 0x0000000100000000)
  region size 1024K, 41 young (41984K), 4 survivors (4096K)
 Metaspace       used 104613K, committed 105600K, reserved 557056K
  class space    used 14496K, committed 14912K, reserved 425984K
}
Event: 34.400 GC heap after
{Heap after GC invocations=40 (full 0):
 garbage-first heap   total 268288K, used 152913K [0x0000000080000000, 0x0000000100000000)
  region size 1024K, 5 young (5120K), 5 survivors (5120K)
 Metaspace       used 104613K, committed 105600K, reserved 557056K
  class space    used 14496K, committed 14912K, reserved 425984K
}
Event: 35.562 GC heap before
{Heap before GC invocations=40 (full 0):
 garbage-first heap   total 268288K, used 216401K [0x0000000080000000, 0x0000000100000000)
  region size 1024K, 68 young (69632K), 5 survivors (5120K)
 Metaspace       used 105760K, committed 106752K, reserved 557056K
  class space    used 14631K, committed 15040K, reserved 425984K
}
Event: 35.574 GC heap after
{Heap after GC invocations=41 (full 0):
 garbage-first heap   total 268288K, used 157218K [0x0000000080000000, 0x0000000100000000)
  region size 1024K, 9 young (9216K), 9 survivors (9216K)
 Metaspace       used 105760K, committed 106752K, reserved 557056K
  class space    used 14631K, committed 15040K, reserved 425984K
}
Event: 36.387 GC heap before
{Heap before GC invocations=41 (full 0):
 garbage-first heap   total 268288K, used 219682K [0x0000000080000000, 0x0000000100000000)
  region size 1024K, 71 young (72704K), 9 survivors (9216K)
 Metaspace       used 106019K, committed 107008K, reserved 557056K
  class space    used 14670K, committed 15104K, reserved 425984K
}
Event: 36.401 GC heap after
{Heap after GC invocations=42 (full 0):
 garbage-first heap   total 268288K, used 162235K [0x0000000080000000, 0x0000000100000000)
  region size 1024K, 6 young (6144K), 6 survivors (6144K)
 Metaspace       used 106019K, committed 107008K, reserved 557056K
  class space    used 14670K, committed 15104K, reserved 425984K
}

Dll operation events (14 events):
Event: 0.013 Loaded shared library C:\Program Files\Microsoft\jdk-17.0.8.7-hotspot\bin\java.dll
Event: 0.037 Loaded shared library C:\Program Files\Microsoft\jdk-17.0.8.7-hotspot\bin\jsvml.dll
Event: 0.099 Loaded shared library C:\Program Files\Microsoft\jdk-17.0.8.7-hotspot\bin\zip.dll
Event: 0.103 Loaded shared library C:\Program Files\Microsoft\jdk-17.0.8.7-hotspot\bin\instrument.dll
Event: 0.109 Loaded shared library C:\Program Files\Microsoft\jdk-17.0.8.7-hotspot\bin\net.dll
Event: 0.111 Loaded shared library C:\Program Files\Microsoft\jdk-17.0.8.7-hotspot\bin\nio.dll
Event: 0.115 Loaded shared library C:\Program Files\Microsoft\jdk-17.0.8.7-hotspot\bin\zip.dll
Event: 0.379 Loaded shared library C:\Program Files\Microsoft\jdk-17.0.8.7-hotspot\bin\jimage.dll
Event: 0.496 Loaded shared library C:\Program Files\Microsoft\jdk-17.0.8.7-hotspot\bin\verify.dll
Event: 0.861 Loaded shared library C:\Users\thoma\.gradle\native\68d5fa5c4cc2d200863cafc0d521ce42e7d3e7ee720ec0a83991735586a16f82\windows-amd64\native-platform.dll
Event: 0.878 Loaded shared library C:\Users\thoma\.gradle\native\e376f236ea51e6404a007f0833ffe2c6e607c4080706a723a18a27aeea778392\windows-amd64\native-platform-file-events.dll
Event: 2.021 Loaded shared library C:\Program Files\Microsoft\jdk-17.0.8.7-hotspot\bin\management.dll
Event: 2.024 Loaded shared library C:\Program Files\Microsoft\jdk-17.0.8.7-hotspot\bin\management_ext.dll
Event: 2.689 Loaded shared library C:\Program Files\Microsoft\jdk-17.0.8.7-hotspot\bin\sunmscapi.dll

Deoptimization events (20 events):
Event: 35.767 Thread 0x00000152edb4be70 Uncommon trap: trap_request=0xffffff76 fr.pc=0x00000152bd5c1c5c relative=0x000000000000089c
Event: 35.767 Thread 0x00000152edb4be70 Uncommon trap: reason=predicate action=maybe_recompile pc=0x00000152bd5c1c5c method=java.util.ComparableTimSort.binarySort([Ljava/lang/Object;III)V @ 34 c2
Event: 35.767 Thread 0x00000152edb4be70 DEOPT PACKING pc=0x00000152bd5c1c5c sp=0x0000001c894fc090
Event: 35.767 Thread 0x00000152edb4be70 DEOPT UNPACKING pc=0x00000152bc9ba1a3 sp=0x0000001c894fc038 mode 2
Event: 35.777 Thread 0x00000152edb4be70 Uncommon trap: trap_request=0xffffffc6 fr.pc=0x00000152bd6c89c0 relative=0x00000000000000a0
Event: 35.777 Thread 0x00000152edb4be70 Uncommon trap: reason=bimorphic_or_optimized_type_check action=maybe_recompile pc=0x00000152bd6c89c0 method=org.gradle.execution.plan.ActionNode.hasPendingPreExecutionNodes()Z @ 11 c2
Event: 35.778 Thread 0x00000152edb4be70 DEOPT PACKING pc=0x00000152bd6c89c0 sp=0x0000001c894fece0
Event: 35.778 Thread 0x00000152edb4be70 DEOPT UNPACKING pc=0x00000152bc9ba1a3 sp=0x0000001c894fec68 mode 2
Event: 35.782 Thread 0x00000152edb4be70 Uncommon trap: trap_request=0xffffffc6 fr.pc=0x00000152bd6c89c0 relative=0x00000000000000a0
Event: 35.782 Thread 0x00000152edb4be70 Uncommon trap: reason=bimorphic_or_optimized_type_check action=maybe_recompile pc=0x00000152bd6c89c0 method=org.gradle.execution.plan.ActionNode.hasPendingPreExecutionNodes()Z @ 11 c2
Event: 35.782 Thread 0x00000152edb4be70 DEOPT PACKING pc=0x00000152bd6c89c0 sp=0x0000001c894fece0
Event: 35.782 Thread 0x00000152edb4be70 DEOPT UNPACKING pc=0x00000152bc9ba1a3 sp=0x0000001c894fec68 mode 2
Event: 35.787 Thread 0x00000152edb4be70 Uncommon trap: trap_request=0xffffffc6 fr.pc=0x00000152bd6c89c0 relative=0x00000000000000a0
Event: 35.787 Thread 0x00000152edb4be70 Uncommon trap: reason=bimorphic_or_optimized_type_check action=maybe_recompile pc=0x00000152bd6c89c0 method=org.gradle.execution.plan.ActionNode.hasPendingPreExecutionNodes()Z @ 11 c2
Event: 35.787 Thread 0x00000152edb4be70 DEOPT PACKING pc=0x00000152bd6c89c0 sp=0x0000001c894fece0
Event: 35.787 Thread 0x00000152edb4be70 DEOPT UNPACKING pc=0x00000152bc9ba1a3 sp=0x0000001c894fec68 mode 2
Event: 35.794 Thread 0x00000152edb4be70 Uncommon trap: trap_request=0xffffffc6 fr.pc=0x00000152bd6c89c0 relative=0x00000000000000a0
Event: 35.794 Thread 0x00000152edb4be70 Uncommon trap: reason=bimorphic_or_optimized_type_check action=maybe_recompile pc=0x00000152bd6c89c0 method=org.gradle.execution.plan.ActionNode.hasPendingPreExecutionNodes()Z @ 11 c2
Event: 35.794 Thread 0x00000152edb4be70 DEOPT PACKING pc=0x00000152bd6c89c0 sp=0x0000001c894fece0
Event: 35.794 Thread 0x00000152edb4be70 DEOPT UNPACKING pc=0x00000152bc9ba1a3 sp=0x0000001c894fec68 mode 2

Classes unloaded (0 events):
No events

Classes redefined (0 events):
No events

Internal exceptions (20 events):
Event: 33.393 Thread 0x00000152ec312570 Implicit null exception at 0x00000152bd63d1ea to 0x00000152bd63e0bc
Event: 33.468 Thread 0x00000152ec312570 Implicit null exception at 0x00000152bd6603ce to 0x00000152bd660d74
Event: 33.978 Thread 0x00000152ec312570 Exception <a 'java/lang/IncompatibleClassChangeError'{0x000000008d64b0a0}: Found class java.lang.Object, but interface was expected> (0x000000008d64b0a0) 
thrown [s\src\hotspot\share\interpreter\linkResolver.cpp, line 826]
Event: 34.024 Thread 0x00000152ec312570 Implicit null exception at 0x00000152bcf51a10 to 0x00000152bcf51ad8
Event: 34.061 Thread 0x00000152ec312570 Exception <a 'sun/nio/fs/WindowsException'{0x000000008ce69600}> (0x000000008ce69600) 
thrown [s\src\hotspot\share\prims\jni.cpp, line 516]
Event: 34.062 Thread 0x00000152ec312570 Exception <a 'sun/nio/fs/WindowsException'{0x000000008ce6ac40}> (0x000000008ce6ac40) 
thrown [s\src\hotspot\share\prims\jni.cpp, line 516]
Event: 34.062 Thread 0x00000152ec312570 Exception <a 'sun/nio/fs/WindowsException'{0x000000008ce6c2d0}> (0x000000008ce6c2d0) 
thrown [s\src\hotspot\share\prims\jni.cpp, line 516]
Event: 34.062 Thread 0x00000152ec312570 Exception <a 'sun/nio/fs/WindowsException'{0x000000008ce6d960}> (0x000000008ce6d960) 
thrown [s\src\hotspot\share\prims\jni.cpp, line 516]
Event: 34.832 Thread 0x00000152edb4b960 Exception <a 'java/lang/NoSuchMethodError'{0x000000008ecf3b58}: 'void java.lang.invoke.DirectMethodHandle$Holder.invokeStatic(java.lang.Object, java.lang.Object, java.lang.Object, java.lang.Object, int, java.lang.Object, java.lang.Object)'> (0x000000008ecf3b58) 
thrown [s\src\hotspot\share\interpreter\linkResolver.cpp, line 759]
Event: 34.864 Thread 0x00000152f120b840 Exception <a 'java/lang/NoSuchMethodError'{0x000000008ea91ae0}: 'java.lang.Object java.lang.invoke.DirectMethodHandle$Holder.invokeSpecialIFC(java.lang.Object, java.lang.Object, java.lang.Object)'> (0x000000008ea91ae0) 
thrown [s\src\hotspot\share\interpreter\linkResolver.cpp, line 759]
Event: 34.864 Thread 0x00000152edb4b960 Exception <a 'java/lang/NoSuchMethodError'{0x000000008eab9dc0}: 'java.lang.Object java.lang.invoke.DirectMethodHandle$Holder.invokeSpecialIFC(java.lang.Object, java.lang.Object, java.lang.Object)'> (0x000000008eab9dc0) 
thrown [s\src\hotspot\share\interpreter\linkResolver.cpp, line 759]
Event: 34.865 Thread 0x00000152f1210940 Exception <a 'java/lang/NoSuchMethodError'{0x000000008ea1ed20}: 'java.lang.Object java.lang.invoke.DirectMethodHandle$Holder.invokeSpecialIFC(java.lang.Object, java.lang.Object, java.lang.Object)'> (0x000000008ea1ed20) 
thrown [s\src\hotspot\share\interpreter\linkResolver.cpp, line 759]
Event: 34.865 Thread 0x00000152f120ff20 Exception <a 'java/lang/NoSuchMethodError'{0x000000008ebbd140}: 'java.lang.Object java.lang.invoke.DirectMethodHandle$Holder.invokeSpecialIFC(java.lang.Object, java.lang.Object, java.lang.Object)'> (0x000000008ebbd140) 
thrown [s\src\hotspot\share\interpreter\linkResolver.cpp, line 759]
Event: 35.710 Thread 0x00000152edb4be70 Exception <a 'java/lang/ClassNotFoundException'{0x000000008fa20bf0}: groovy/util/FileTreeBuilderBeanInfo> (0x000000008fa20bf0) 
thrown [s\src\hotspot\share\classfile\systemDictionary.cpp, line 256]
Event: 35.711 Thread 0x00000152edb4be70 Exception <a 'java/lang/ClassNotFoundException'{0x000000008fa82bd0}: groovy/util/FileTreeBuilderCustomizer> (0x000000008fa82bd0) 
thrown [s\src\hotspot\share\classfile\systemDictionary.cpp, line 256]
Event: 35.715 Thread 0x00000152edb4be70 Exception <a 'java/lang/ClassNotFoundException'{0x000000008faba0d8}: java/io/BufferedWriterBeanInfo> (0x000000008faba0d8) 
thrown [s\src\hotspot\share\classfile\systemDictionary.cpp, line 256]
Event: 35.715 Thread 0x00000152edb4be70 Exception <a 'java/lang/ClassNotFoundException'{0x000000008fabf788}: java/io/WriterBeanInfo> (0x000000008fabf788) 
thrown [s\src\hotspot\share\classfile\systemDictionary.cpp, line 256]
Event: 35.715 Thread 0x00000152edb4be70 Exception <a 'java/lang/ClassNotFoundException'{0x000000008fac4da0}: java/io/WriterCustomizer> (0x000000008fac4da0) 
thrown [s\src\hotspot\share\classfile\systemDictionary.cpp, line 256]
Event: 35.716 Thread 0x00000152edb4be70 Exception <a 'java/lang/ClassNotFoundException'{0x000000008fad3348}: java/io/BufferedWriterCustomizer> (0x000000008fad3348) 
thrown [s\src\hotspot\share\classfile\systemDictionary.cpp, line 256]
Event: 35.768 Thread 0x00000152edb4be70 Exception <a 'java/lang/NoSuchMethodError'{0x000000008f94ab30}: static Lcom/android/build/api/variant/BuildConfigField;.<clinit>()V> (0x000000008f94ab30) 
thrown [s\src\hotspot\share\prims\jni.cpp, line 1107]

VM Operations (20 events):
Event: 34.251 Executing VM operation: ICBufferFull
Event: 34.251 Executing VM operation: ICBufferFull done
Event: 34.385 Executing VM operation: G1CollectForAllocation
Event: 34.402 Executing VM operation: G1CollectForAllocation done
Event: 34.750 Executing VM operation: ICBufferFull
Event: 34.750 Executing VM operation: ICBufferFull done
Event: 34.789 Executing VM operation: HandshakeAllThreads
Event: 34.789 Executing VM operation: HandshakeAllThreads done
Event: 34.843 Executing VM operation: HandshakeAllThreads
Event: 34.843 Executing VM operation: HandshakeAllThreads done
Event: 34.880 Executing VM operation: HandshakeAllThreads
Event: 34.880 Executing VM operation: HandshakeAllThreads done
Event: 35.228 Executing VM operation: ICBufferFull
Event: 35.228 Executing VM operation: ICBufferFull done
Event: 35.561 Executing VM operation: G1CollectForAllocation
Event: 35.574 Executing VM operation: G1CollectForAllocation done
Event: 36.093 Executing VM operation: ICBufferFull
Event: 36.093 Executing VM operation: ICBufferFull done
Event: 36.387 Executing VM operation: G1CollectForAllocation
Event: 36.401 Executing VM operation: G1CollectForAllocation done

Events (20 events):
Event: 35.540 Thread 0x00000152f623f2d0 Thread added: 0x00000152f623f2d0
Event: 35.577 Thread 0x00000152f623edc0 Thread added: 0x00000152f623edc0
Event: 35.577 Thread 0x00000152f623f7e0 Thread added: 0x00000152f623f7e0
Event: 35.666 Thread 0x00000152f623cf60 Thread added: 0x00000152f623cf60
Event: 35.715 loading class java/io/BufferedWriterBeanInfo
Event: 35.715 loading class java/io/BufferedWriterBeanInfo done
Event: 35.715 loading class java/io/BufferedWriterBeanInfo
Event: 35.715 loading class java/io/BufferedWriterBeanInfo done
Event: 35.715 loading class java/io/WriterBeanInfo
Event: 35.715 loading class java/io/WriterBeanInfo done
Event: 35.715 loading class java/io/WriterBeanInfo
Event: 35.715 loading class java/io/WriterBeanInfo done
Event: 35.715 loading class java/io/WriterCustomizer
Event: 35.715 loading class java/io/WriterCustomizer done
Event: 35.715 loading class java/io/WriterCustomizer
Event: 35.715 loading class java/io/WriterCustomizer done
Event: 35.716 loading class java/io/BufferedWriterCustomizer
Event: 35.716 loading class java/io/BufferedWriterCustomizer done
Event: 35.716 loading class java/io/BufferedWriterCustomizer
Event: 35.716 loading class java/io/BufferedWriterCustomizer done


Dynamic libraries:
0x00007ff7101a0000 - 0x00007ff7101ae000 	C:\Program Files\Microsoft\jdk-17.0.8.7-hotspot\bin\java.exe
0x00007ff83de30000 - 0x00007ff83e047000 	C:\WINDOWS\SYSTEM32\ntdll.dll
0x00007ff83cf00000 - 0x00007ff83cfc4000 	C:\WINDOWS\System32\KERNEL32.DLL
0x00007ff83b1f0000 - 0x00007ff83b596000 	C:\WINDOWS\System32\KERNELBASE.dll
0x00007ff835960000 - 0x00007ff8359f7000 	C:\WINDOWS\SYSTEM32\apphelp.dll
0x00007ff83b770000 - 0x00007ff83b881000 	C:\WINDOWS\System32\ucrtbase.dll
0x00007ff814270000 - 0x00007ff81428b000 	C:\Program Files\Microsoft\jdk-17.0.8.7-hotspot\bin\VCRUNTIME140.dll
0x00007ff814290000 - 0x00007ff8142a7000 	C:\Program Files\Microsoft\jdk-17.0.8.7-hotspot\bin\jli.dll
0x00007ff83ccd0000 - 0x00007ff83ce7e000 	C:\WINDOWS\System32\USER32.dll
0x00007ff83b5a0000 - 0x00007ff83b5c6000 	C:\WINDOWS\System32\win32u.dll
0x00007ff83c590000 - 0x00007ff83c5b9000 	C:\WINDOWS\System32\GDI32.dll
0x00007ff83ba60000 - 0x00007ff83bb78000 	C:\WINDOWS\System32\gdi32full.dll
0x00007ff83b890000 - 0x00007ff83b92a000 	C:\WINDOWS\System32\msvcp_win.dll
0x00007ff820db0000 - 0x00007ff821043000 	C:\WINDOWS\WinSxS\amd64_microsoft.windows.common-controls_6595b64144ccf1df_6.0.22621.2506_none_270c5ae97388e100\COMCTL32.dll
0x00007ff83c780000 - 0x00007ff83c827000 	C:\WINDOWS\System32\msvcrt.dll
0x00007ff83d020000 - 0x00007ff83d051000 	C:\WINDOWS\System32\IMM32.DLL
0x00007ff8187c0000 - 0x00007ff8187cc000 	C:\Program Files\Microsoft\jdk-17.0.8.7-hotspot\bin\vcruntime140_1.dll
0x00007fffc4c90000 - 0x00007fffc4d1d000 	C:\Program Files\Microsoft\jdk-17.0.8.7-hotspot\bin\msvcp140.dll
0x00007fff98540000 - 0x00007fff991a5000 	C:\Program Files\Microsoft\jdk-17.0.8.7-hotspot\bin\server\jvm.dll
0x00007ff83d8f0000 - 0x00007ff83d9a3000 	C:\WINDOWS\System32\ADVAPI32.dll
0x00007ff83d9b0000 - 0x00007ff83da58000 	C:\WINDOWS\System32\sechost.dll
0x00007ff83b740000 - 0x00007ff83b768000 	C:\WINDOWS\System32\bcrypt.dll
0x00007ff83d4e0000 - 0x00007ff83d5f7000 	C:\WINDOWS\System32\RPCRT4.dll
0x00007ff83a7c0000 - 0x00007ff83a80d000 	C:\WINDOWS\SYSTEM32\POWRPROF.dll
0x00007ff818720000 - 0x00007ff818729000 	C:\WINDOWS\SYSTEM32\WSOCK32.dll
0x00007ff83ce80000 - 0x00007ff83cef1000 	C:\WINDOWS\System32\WS2_32.dll
0x00007ff832750000 - 0x00007ff832784000 	C:\WINDOWS\SYSTEM32\WINMM.dll
0x00007ff832540000 - 0x00007ff83254a000 	C:\WINDOWS\SYSTEM32\VERSION.dll
0x00007ff83a740000 - 0x00007ff83a753000 	C:\WINDOWS\SYSTEM32\UMPDC.dll
0x00007ff83a1b0000 - 0x00007ff83a1c8000 	C:\WINDOWS\SYSTEM32\kernel.appcore.dll
0x00007ff814260000 - 0x00007ff81426a000 	C:\Program Files\Microsoft\jdk-17.0.8.7-hotspot\bin\jimage.dll
0x00007ff838af0000 - 0x00007ff838d23000 	C:\WINDOWS\SYSTEM32\DBGHELP.DLL
0x00007ff83da60000 - 0x00007ff83dde9000 	C:\WINDOWS\System32\combase.dll
0x00007ff83c490000 - 0x00007ff83c567000 	C:\WINDOWS\System32\OLEAUT32.dll
0x00007ff831b90000 - 0x00007ff831bc2000 	C:\WINDOWS\SYSTEM32\dbgcore.DLL
0x00007ff83b170000 - 0x00007ff83b1ea000 	C:\WINDOWS\System32\bcryptPrimitives.dll
0x00007ff8175a0000 - 0x00007ff8175ae000 	C:\Program Files\Microsoft\jdk-17.0.8.7-hotspot\bin\instrument.dll
0x00007ffffd440000 - 0x00007ffffd465000 	C:\Program Files\Microsoft\jdk-17.0.8.7-hotspot\bin\java.dll
0x00007fffc4270000 - 0x00007fffc4347000 	C:\Program Files\Microsoft\jdk-17.0.8.7-hotspot\bin\jsvml.dll
0x00007ff83bb80000 - 0x00007ff83c3db000 	C:\WINDOWS\System32\SHELL32.dll
0x00007ff8390d0000 - 0x00007ff8399c6000 	C:\WINDOWS\SYSTEM32\windows.storage.dll
0x00007ff838f90000 - 0x00007ff8390ce000 	C:\WINDOWS\SYSTEM32\wintypes.dll
0x00007ff83c650000 - 0x00007ff83c743000 	C:\WINDOWS\System32\SHCORE.dll
0x00007ff83d890000 - 0x00007ff83d8ee000 	C:\WINDOWS\System32\shlwapi.dll
0x00007ff83b0a0000 - 0x00007ff83b0c6000 	C:\WINDOWS\SYSTEM32\profapi.dll
0x00007ff805530000 - 0x00007ff805548000 	C:\Program Files\Microsoft\jdk-17.0.8.7-hotspot\bin\zip.dll
0x00007ff80d5f0000 - 0x00007ff80d609000 	C:\Program Files\Microsoft\jdk-17.0.8.7-hotspot\bin\net.dll
0x00007ff8339c0000 - 0x00007ff833af7000 	C:\WINDOWS\SYSTEM32\WINHTTP.dll
0x00007ff83a6b0000 - 0x00007ff83a719000 	C:\WINDOWS\system32\mswsock.dll
0x00007ff80c6f0000 - 0x00007ff80c706000 	C:\Program Files\Microsoft\jdk-17.0.8.7-hotspot\bin\nio.dll
0x00007ff814250000 - 0x00007ff814260000 	C:\Program Files\Microsoft\jdk-17.0.8.7-hotspot\bin\verify.dll
0x00007ff8123a0000 - 0x00007ff8123c7000 	C:\Users\thoma\.gradle\native\68d5fa5c4cc2d200863cafc0d521ce42e7d3e7ee720ec0a83991735586a16f82\windows-amd64\native-platform.dll
0x00007fffc5380000 - 0x00007fffc54c4000 	C:\Users\thoma\.gradle\native\e376f236ea51e6404a007f0833ffe2c6e607c4080706a723a18a27aeea778392\windows-amd64\native-platform-file-events.dll
0x00007ff831ac0000 - 0x00007ff831ac9000 	C:\Program Files\Microsoft\jdk-17.0.8.7-hotspot\bin\management.dll
0x00007ff831ab0000 - 0x00007ff831abb000 	C:\Program Files\Microsoft\jdk-17.0.8.7-hotspot\bin\management_ext.dll
0x00007ff83d880000 - 0x00007ff83d888000 	C:\WINDOWS\System32\PSAPI.DLL
0x00007ff83a980000 - 0x00007ff83a99b000 	C:\WINDOWS\SYSTEM32\CRYPTSP.dll
0x00007ff83a110000 - 0x00007ff83a145000 	C:\WINDOWS\system32\rsaenh.dll
0x00007ff83a810000 - 0x00007ff83a83c000 	C:\WINDOWS\SYSTEM32\USERENV.dll
0x00007ff83a970000 - 0x00007ff83a97c000 	C:\WINDOWS\SYSTEM32\CRYPTBASE.dll
0x00007ff839c30000 - 0x00007ff839c5d000 	C:\WINDOWS\SYSTEM32\IPHLPAPI.DLL
0x00007ff83c580000 - 0x00007ff83c589000 	C:\WINDOWS\System32\NSI.dll
0x00007ff8332f0000 - 0x00007ff833309000 	C:\WINDOWS\SYSTEM32\dhcpcsvc6.DLL
0x00007ff8332d0000 - 0x00007ff8332ef000 	C:\WINDOWS\SYSTEM32\dhcpcsvc.DLL
0x00007ff839c60000 - 0x00007ff839d59000 	C:\WINDOWS\SYSTEM32\DNSAPI.dll
0x00007ff817310000 - 0x00007ff81731e000 	C:\Program Files\Microsoft\jdk-17.0.8.7-hotspot\bin\sunmscapi.dll
0x00007ff83b5d0000 - 0x00007ff83b736000 	C:\WINDOWS\System32\CRYPT32.dll
0x00007ff83ab30000 - 0x00007ff83ab5e000 	C:\WINDOWS\SYSTEM32\ncrypt.dll
0x00007ff83aaf0000 - 0x00007ff83ab27000 	C:\WINDOWS\SYSTEM32\NTASN1.dll
0x00007fffcef80000 - 0x00007fffcef88000 	C:\WINDOWS\system32\wshunix.dll
0x00007fffc7cb0000 - 0x00007fffc7cc7000 	C:\WINDOWS\system32\napinsp.dll
0x00007fffc7cd0000 - 0x00007fffc7ceb000 	C:\WINDOWS\system32\pnrpnsp.dll
0x00007fffc7cf0000 - 0x00007fffc7d01000 	C:\WINDOWS\System32\winrnr.dll
0x00007ff80cb60000 - 0x00007ff80cb75000 	C:\WINDOWS\system32\wshbth.dll
0x00007ff805070000 - 0x00007ff805091000 	C:\WINDOWS\system32\nlansp_c.dll
0x00007ff8324c0000 - 0x00007ff8324ca000 	C:\Windows\System32\rasadhlp.dll
0x00007ff832210000 - 0x00007ff832293000 	C:\WINDOWS\System32\fwpuclnt.dll

dbghelp: loaded successfully - version: 4.0.5 - missing functions: none
symbol engine: initialized successfully - sym options: 0x614 - pdb path: .;C:\Program Files\Microsoft\jdk-17.0.8.7-hotspot\bin;C:\WINDOWS\SYSTEM32;C:\WINDOWS\WinSxS\amd64_microsoft.windows.common-controls_6595b64144ccf1df_6.0.22621.2506_none_270c5ae97388e100;C:\Program Files\Microsoft\jdk-17.0.8.7-hotspot\bin\server;C:\Users\thoma\.gradle\native\68d5fa5c4cc2d200863cafc0d521ce42e7d3e7ee720ec0a83991735586a16f82\windows-amd64;C:\Users\thoma\.gradle\native\e376f236ea51e6404a007f0833ffe2c6e607c4080706a723a18a27aeea778392\windows-amd64

VM Arguments:
jvm_args: -XX:MaxMetaspaceSize=512m --add-opens=java.base/java.util=ALL-UNNAMED --add-opens=java.base/java.lang=ALL-UNNAMED --add-opens=java.base/java.lang.invoke=ALL-UNNAMED --add-opens=java.prefs/java.util.prefs=ALL-UNNAMED --add-opens=java.base/java.nio.charset=ALL-UNNAMED --add-opens=java.base/java.net=ALL-UNNAMED --add-opens=java.base/java.util.concurrent.atomic=ALL-UNNAMED -Xmx2048m -Dfile.encoding=windows-1252 -Duser.country=ES -Duser.language=es -Duser.variant -javaagent:C:\Users\thoma\.gradle\wrapper\dists\gradle-8.3-all\6en3ugtfdg5xnpx44z4qbwgas\gradle-8.3\lib\agents\gradle-instrumentation-agent-8.3.jar 
java_command: org.gradle.launcher.daemon.bootstrap.GradleDaemon 8.3
java_class_path (initial): C:\Users\thoma\.gradle\wrapper\dists\gradle-8.3-all\6en3ugtfdg5xnpx44z4qbwgas\gradle-8.3\lib\gradle-launcher-8.3.jar
Launcher Type: SUN_STANDARD

[Global flags]
     intx CICompilerCount                          = 3                                         {product} {ergonomic}
   size_t CompressedClassSpaceSize                 = 436207616                                 {product} {ergonomic}
     uint ConcGCThreads                            = 1                                         {product} {ergonomic}
     uint G1ConcRefinementThreads                  = 4                                         {product} {ergonomic}
   size_t G1HeapRegionSize                         = 1048576                                   {product} {ergonomic}
    uintx GCDrainStackTargetSize                   = 64                                        {product} {ergonomic}
   size_t InitialHeapSize                          = 130023424                                 {product} {ergonomic}
   size_t MarkStackSize                            = 4194304                                   {product} {ergonomic}
   size_t MaxHeapSize                              = 2147483648                                {product} {command line}
   size_t MaxMetaspaceSize                         = 536870912                                 {product} {command line}
   size_t MaxNewSize                               = 1287651328                                {product} {ergonomic}
   size_t MinHeapDeltaBytes                        = 1048576                                   {product} {ergonomic}
   size_t MinHeapSize                              = 8388608                                   {product} {ergonomic}
    uintx NonNMethodCodeHeapSize                   = 5832780                                {pd product} {ergonomic}
    uintx NonProfiledCodeHeapSize                  = 122912730                              {pd product} {ergonomic}
    uintx ProfiledCodeHeapSize                     = 122912730                              {pd product} {ergonomic}
    uintx ReservedCodeCacheSize                    = 251658240                              {pd product} {ergonomic}
     bool SegmentedCodeCache                       = true                                      {product} {ergonomic}
   size_t SoftMaxHeapSize                          = 2147483648                             {manageable} {ergonomic}
     bool UseCompressedClassPointers               = true                           {product lp64_product} {ergonomic}
     bool UseCompressedOops                        = true                           {product lp64_product} {ergonomic}
     bool UseG1GC                                  = true                                      {product} {ergonomic}
     bool UseLargePagesIndividualAllocation        = false                                  {pd product} {ergonomic}

Logging:
Log output configuration:
 #0: stdout all=warning uptime,level,tags
 #1: stderr all=off uptime,level,tags

Environment Variables:
JAVA_HOME=C:\Program Files\Microsoft\jdk-17.0.8.7-hotspot\
CLASSPATH=c:\react_native\05 - navegacionApp\android\\gradle\wrapper\gradle-wrapper.jar
PATH=C:\Program Files\Microsoft\jdk-17.0.8.7-hotspot\bin;C:\Python312\Scripts\;C:\Python312\;C:\WINDOWS\system32;C:\WINDOWS;C:\WINDOWS\System32\Wbem;C:\WINDOWS\System32\WindowsPowerShell\v1.0\;C:\WINDOWS\System32\OpenSSH\;C:\Program Files\nodejs\;C:\ProgramData\chocolatey\bin;C:\Program Files\Git\cmd;C:\Program Files\dotnet\;C:\Users\thoma\AppData\Local\Microsoft\WindowsApps;C:\Users\thoma\AppData\Local\Programs\Microsoft VS Code\bin;C:\Users\thoma\AppData\Roaming\npm;C:\flutter_windows_3.16.0-stable\flutter\bin;C:\Users\thoma\AppData\Local\Android\Sdk;C:\Users\thoma\AppData\Local\Android\Sdk\platform-tools;
USERNAME=thoma
OS=Windows_NT
PROCESSOR_IDENTIFIER=Intel64 Family 6 Model 140 Stepping 1, GenuineIntel
TMP=C:\Users\thoma\AppData\Local\Temp
TEMP=C:\Users\thoma\AppData\Local\Temp



---------------  S Y S T E M  ---------------

OS:
 Windows 11 , 64 bit Build 22621 (10.0.22621.3085)
OS uptime: 6 days 11:30 hours

CPU: total 4 (initial active 4) (2 cores per cpu, 2 threads per core) family 6 model 140 stepping 1 microcode 0xa4, cx8, cmov, fxsr, ht, mmx, 3dnowpref, sse, sse2, sse3, ssse3, sse4.1, sse4.2, popcnt, lzcnt, tsc, tscinvbit, avx, avx2, aes, erms, clmul, bmi1, bmi2, adx, avx512f, avx512dq, avx512cd, avx512bw, avx512vl, sha, fma, vzeroupper, avx512_vpopcntdq, avx512_vpclmulqdq, avx512_vaes, avx512_vnni, clflush, clflushopt, clwb, avx512_vbmi2, avx512_vbmi
Processor Information for all 4 processors :
  Max Mhz: 2995, Current Mhz: 2995, Mhz Limit: 2995

Memory: 4k page, system-wide physical 7886M (2593M free)
TotalPageFile size 15566M (AvailPageFile size 5246M)
current process WorkingSet (physical memory assigned to process): 573M, peak: 576M
current process commit charge ("private bytes"): 604M, peak: 609M

vm_info: OpenJDK 64-Bit Server VM (17.0.8+7-LTS) for windows-amd64 JRE (17.0.8+7-LTS), built on Jul  7 2023 17:21:55 by "MicrosoftCorporation" with MS VC++ 16.10 / 16.11 (VS2019)

END.
